info: Server ok en puerto 8080 in prod mode whit persistence in mongo {"timestamp":"2024-08-11T19:23:23.505Z"}
info: Server ok en puerto 8080 in prod mode whit persistence in mongo {"timestamp":"2024-08-11T19:23:37.180Z"}
info: Server ok en puerto 8080 in prod mode whit persistence in mongo, LANGUAGE = en {"timestamp":"2024-08-11T19:26:08.599Z"}
info: Server ok en puerto 8080 in prod mode whit persistence in mongo, LANGUAGE = en {"timestamp":"2024-08-11T19:26:51.498Z"}
info: Server ok en puerto 8080 in prod mode whit persistence in mongo, LANGUAGE = en {"timestamp":"2024-08-11T19:27:41.416Z"}
info: Server ok en puerto 8080 in prod mode whit persistence in mongo, LANGUAGE = en {"timestamp":"2024-08-11T19:28:31.290Z"}
info: Server ok en puerto 8080 in prod mode whit persistence in mongo, LANGUAGE = en {"timestamp":"2024-08-11T19:29:34.570Z"}
info: Server ok en puerto 8080 in prod mode whit persistence in mongo, LANGUAGE = en {"timestamp":"2024-08-11T19:30:18.544Z"}
info: Server ok en puerto 8080 in prod mode whit persistence in mongo, LANGUAGE = en {"timestamp":"2024-08-11T19:30:37.611Z"}
info: conectado a mongo Atlas {"timestamp":"2024-08-11T19:30:38.415Z"}
info: Server ok en puerto 8080 in prod mode whit persistence in mongo, LANGUAGE = en {"timestamp":"2024-08-11T19:30:45.023Z"}
info: conectado a mongo Atlas {"timestamp":"2024-08-11T19:30:45.905Z"}
info: Server ok en puerto 8080 in prod mode whit persistence in mongo, LANGUAGE = en {"timestamp":"2024-08-11T19:30:53.625Z"}
info: conectado a mongo Atlas {"timestamp":"2024-08-11T19:30:54.606Z"}
info: Server ok en puerto 8080 in prod mode whit persistence in mongo, LANGUAGE = en {"timestamp":"2024-08-11T19:31:29.794Z"}
info: conectado a mongo Atlas {"timestamp":"2024-08-11T19:31:30.617Z"}
info: Server ok en puerto 8080 in prod mode whit persistence in mongo, LANGUAGE = en {"timestamp":"2024-08-11T19:32:58.248Z"}
info: conectado a mongo Atlas {"timestamp":"2024-08-11T19:32:59.123Z"}
warning: [object Object] {"timestamp":"2024-08-11T19:33:33.597Z"}
info: Server ok en puerto 8080 in prod mode whit persistence in mongo, LANGUAGE = en {"timestamp":"2024-08-11T19:34:06.093Z"}
info: conectado a mongo Atlas {"timestamp":"2024-08-11T19:34:07.030Z"}
warning: administrator role only {"timestamp":"2024-08-11T19:34:12.123Z"}
info: Server ok en puerto 8080 in prod mode whit persistence in mongo, LANGUAGE = en {"timestamp":"2024-08-11T19:35:35.815Z"}
info: conectado a mongo Atlas {"timestamp":"2024-08-11T19:35:36.837Z"}
warning: undefined, administrator role only {"timestamp":"2024-08-11T19:35:39.935Z"}
info: Server ok en puerto 8080 in prod mode whit persistence in mongo, LANGUAGE = en {"timestamp":"2024-08-11T19:36:34.492Z"}
info: conectado a mongo Atlas {"timestamp":"2024-08-11T19:36:35.369Z"}
warning: [object Object], administrator role only {"timestamp":"2024-08-11T19:36:39.808Z"}
info: Server ok en puerto 8080 in prod mode whit persistence in mongo, LANGUAGE = en {"timestamp":"2024-08-11T19:37:51.916Z"}
info: conectado a mongo Atlas {"timestamp":"2024-08-11T19:37:52.786Z"}
warning: [object Object], administrator role only {"timestamp":"2024-08-11T19:37:56.669Z"}
info: Server ok en puerto 8080 in prod mode whit persistence in mongo, LANGUAGE = en {"timestamp":"2024-08-11T19:39:02.358Z"}
info: conectado a mongo Atlas {"timestamp":"2024-08-11T19:39:03.411Z"}
warning: {"cookie":{"originalMaxAge":360000,"expires":"2024-08-11T19:43:56.670Z","httpOnly":true,"path":"/"},"passport":{"user":"66a6cf638c3de1ac26aa36a6"},"message":{"first_name":"Paco","last_name":"Perez4","email":"pp4@mail.com","age":43,"role":"user","cart":{"_id":"66a6cf628c3de1ac26aa36a4","products":[],"__v":0}},"info":{"loggedIn":true,"contador":1}}, administrator role only {"timestamp":"2024-08-11T19:39:06.003Z"}
info: Server ok en puerto 8080 in prod mode whit persistence in mongo, LANGUAGE = en {"timestamp":"2024-08-11T19:40:28.321Z"}
info: conectado a mongo Atlas {"timestamp":"2024-08-11T19:40:29.229Z"}
warning: {"first_name":"Paco","last_name":"Perez4","email":"pp4@mail.com","age":43,"role":"user","cart":{"_id":"66a6cf628c3de1ac26aa36a4","products":[],"__v":0}}, administrator role only {"timestamp":"2024-08-11T19:40:41.392Z"}
info: Server ok en puerto 8080 in prod mode whit persistence in mongo, LANGUAGE = en {"timestamp":"2024-08-11T19:41:20.593Z"}
info: conectado a mongo Atlas {"timestamp":"2024-08-11T19:41:21.307Z"}
warning: Unauthorizer access try: {"first_name":"Paco","last_name":"Perez4","email":"pp4@mail.com","age":43,"role":"user","cart":{"_id":"66a6cf628c3de1ac26aa36a4","products":[],"__v":0}}, administrator role only {"timestamp":"2024-08-11T19:41:24.042Z"}
info: Server ok en puerto 8080 in prod mode whit persistence in mongo, LANGUAGE = en {"timestamp":"2024-08-11T19:42:17.468Z"}
info: conectado a mongo Atlas {"timestamp":"2024-08-11T19:42:18.693Z"}
info: Server ok en puerto 8080 in prod mode whit persistence in mongo, LANGUAGE = en {"timestamp":"2024-08-11T19:46:19.720Z"}
info: conectado a mongo Atlas {"timestamp":"2024-08-11T19:46:20.718Z"}
warning: attempted access without registration {"timestamp":"2024-08-11T19:47:13.921Z"}
info: Server ok en puerto 8080 in prod mode whit persistence in mongo, LANGUAGE = en {"timestamp":"2024-08-11T19:54:32.482Z"}
info: conectado a mongo Atlas {"timestamp":"2024-08-11T19:54:33.402Z"}
info: Server ok en puerto 8080 in prod mode whit persistence in mongo, LANGUAGE = en {"timestamp":"2024-08-11T19:54:46.947Z"}
info: conectado a mongo Atlas {"timestamp":"2024-08-11T19:54:47.706Z"}
info: Server ok en puerto 8080 in prod mode whit persistence in mongo, LANGUAGE = en {"timestamp":"2024-08-11T19:55:31.543Z"}
info: conectado a mongo Atlas {"timestamp":"2024-08-11T19:55:32.380Z"}
info: Server ok en puerto 8080 in prod mode whit persistence in mongo, LANGUAGE = en {"timestamp":"2024-08-11T19:57:04.526Z"}
info: conectado a mongo Atlas {"timestamp":"2024-08-11T19:57:05.652Z"}
warning: Unauthorized access try: {"first_name":"Paco","last_name":"Perez4","email":"pp4@mail.com","age":43,"role":"user","cart":{"_id":"66a6cf628c3de1ac26aa36a4","products":[],"__v":0}}, administrator role only {"timestamp":"2024-08-11T19:58:06.906Z"}
info: {"status":401,"message":{"system":"Unauthorized","custom":"administrator role only"},"error":{"role":"user"}} {"timestamp":"2024-08-11T19:58:06.906Z"}
info: Server ok en puerto 8080 in prod mode whit persistence in mongo, LANGUAGE = en {"timestamp":"2024-08-11T20:03:27.315Z"}
info: conectado a mongo Atlas {"timestamp":"2024-08-11T20:03:28.268Z"}
info: Server ok en puerto 8080 in prod mode whit persistence in mongo, LANGUAGE = en {"timestamp":"2024-08-11T20:05:18.194Z"}
info: conectado a mongo Atlas {"timestamp":"2024-08-11T20:05:19.196Z"}
error: undefined {"timestamp":"2024-08-11T20:05:25.276Z"}
error: {"status":500,"message":{"system":"Internal Server Error","custom":""}} {"timestamp":"2024-08-11T20:05:25.276Z"}
error: undefined {"timestamp":"2024-08-11T20:06:09.220Z"}
error: {"status":500,"message":{"system":"Internal Server Error","custom":""}} {"timestamp":"2024-08-11T20:06:09.220Z"}
info: Server ok en puerto 8080 in prod mode whit persistence in mongo, LANGUAGE = en {"timestamp":"2024-08-11T20:08:52.829Z"}
info: conectado a mongo Atlas {"timestamp":"2024-08-11T20:08:53.829Z"}
error: undefined {"timestamp":"2024-08-11T20:08:56.701Z"}
error: {"status":500,"message":{"system":"Internal Server Error","custom":""}} {"timestamp":"2024-08-11T20:08:56.702Z"}
info: Server ok en puerto 8080 in prod mode whit persistence in mongo, LANGUAGE = en {"timestamp":"2024-08-11T20:09:51.007Z"}
info: conectado a mongo Atlas {"timestamp":"2024-08-11T20:09:51.771Z"}
error: undefined {"timestamp":"2024-08-11T20:09:53.762Z"}
error: {"status":500,"message":{"system":"Internal Server Error","custom":""}} {"timestamp":"2024-08-11T20:09:53.762Z"}
info: Server ok en puerto 8080 in prod mode whit persistence in mongo, LANGUAGE = en {"timestamp":"2024-08-11T20:11:56.963Z"}
info: conectado a mongo Atlas {"timestamp":"2024-08-11T20:11:57.807Z"}
error: undefined {"timestamp":"2024-08-11T20:12:05.117Z"}
error: {"status":500,"message":{"system":"Internal Server Error","custom":""}} {"timestamp":"2024-08-11T20:12:05.117Z"}
info: Server ok en puerto 8080 in prod mode whit persistence in mongo, LANGUAGE = en {"timestamp":"2024-08-11T20:12:23.772Z"}
info: conectado a mongo Atlas {"timestamp":"2024-08-11T20:12:24.573Z"}
error: undefined {"timestamp":"2024-08-11T20:12:42.171Z"}
error: {"status":500,"message":{"system":"Internal Server Error","custom":""}} {"timestamp":"2024-08-11T20:12:42.171Z"}
info: Server ok en puerto 8080 in prod mode whit persistence in mongo, LANGUAGE = en {"timestamp":"2024-08-11T20:13:34.671Z"}
info: conectado a mongo Atlas {"timestamp":"2024-08-11T20:13:35.525Z"}
info: Server ok en puerto 8080 in prod mode whit persistence in mongo, LANGUAGE = en {"timestamp":"2024-08-11T20:13:41.808Z"}
info: conectado a mongo Atlas {"timestamp":"2024-08-11T20:13:42.567Z"}
info: no encontro prod {"timestamp":"2024-08-11T20:13:45.186Z"}
error: undefined {"timestamp":"2024-08-11T20:13:45.186Z"}
error: {"status":500,"message":{"system":"Internal Server Error","custom":""}} {"timestamp":"2024-08-11T20:13:45.187Z"}
info: Server ok en puerto 8080 in prod mode whit persistence in mongo, LANGUAGE = en {"timestamp":"2024-08-11T20:14:56.080Z"}
info: conectado a mongo Atlas {"timestamp":"2024-08-11T20:14:57.047Z"}
info: Server ok en puerto 8080 in prod mode whit persistence in mongo, LANGUAGE = en {"timestamp":"2024-08-11T20:15:12.937Z"}
info: conectado a mongo Atlas {"timestamp":"2024-08-11T20:15:13.668Z"}
info: Server ok en puerto 8080 in prod mode whit persistence in mongo, LANGUAGE = en {"timestamp":"2024-08-11T20:15:59.787Z"}
info: conectado a mongo Atlas {"timestamp":"2024-08-11T20:16:00.583Z"}
info: Server ok en puerto 8080 in prod mode whit persistence in mongo, LANGUAGE = en {"timestamp":"2024-08-11T20:16:14.176Z"}
info: conectado a mongo Atlas {"timestamp":"2024-08-11T20:16:15.122Z"}
error: undefined {"timestamp":"2024-08-11T20:16:27.197Z"}
error: {"status":500,"message":{"system":"Internal Server Error","custom":""}} {"timestamp":"2024-08-11T20:16:27.197Z"}
info: Server ok en puerto 8080 in prod mode whit persistence in mongo, LANGUAGE = en {"timestamp":"2024-08-11T22:43:14.914Z"}
info: conectado a mongo Atlas {"timestamp":"2024-08-11T22:43:16.424Z"}
error: undefined {"timestamp":"2024-08-11T22:43:33.376Z"}
error: {"status":500,"message":{"system":"Internal Server Error","custom":""}} {"timestamp":"2024-08-11T22:43:33.376Z"}
info: Server ok en puerto 8080 in prod mode whit persistence in mongo, LANGUAGE = en {"timestamp":"2024-08-11T22:48:29.236Z"}
info: conectado a mongo Atlas {"timestamp":"2024-08-11T22:48:30.191Z"}
error: product not found {"timestamp":"2024-08-11T22:48:33.477Z"}
error: undefined {"timestamp":"2024-08-11T22:48:33.478Z"}
error: {"status":500,"message":{"system":"Internal Server Error","custom":""}} {"timestamp":"2024-08-11T22:48:33.478Z"}
info: Server ok en puerto 8080 in prod mode whit persistence in mongo, LANGUAGE = en {"timestamp":"2024-08-11T22:49:18.742Z"}
info: conectado a mongo Atlas {"timestamp":"2024-08-11T22:49:19.472Z"}
error: product not found {"timestamp":"2024-08-11T22:49:23.397Z"}
error: undefined {"timestamp":"2024-08-11T22:49:23.402Z"}
error: {"status":500,"message":{"system":"Internal Server Error","custom":""}} {"timestamp":"2024-08-11T22:49:23.402Z"}
info: {"status":404,"message":{"system":"Not found","custom":"product not found"},"data":null} {"timestamp":"2024-08-11T22:49:50.192Z"}
info: Server ok en puerto 8080 in prod mode whit persistence in mongo, LANGUAGE = en {"timestamp":"2024-08-11T22:51:18.216Z"}
info: Server ok en puerto 8080 in prod mode whit persistence in mongo, LANGUAGE = en {"timestamp":"2024-08-11T22:51:18.880Z"}
info: conectado a mongo Atlas {"timestamp":"2024-08-11T22:51:19.649Z"}
info: {"status":404,"message":{"system":"Not found","custom":"product not found"},"data":null} {"timestamp":"2024-08-11T22:51:23.701Z"}
error: product not found {"timestamp":"2024-08-11T22:51:28.355Z"}
error: undefined {"timestamp":"2024-08-11T22:51:28.357Z"}
error: {"status":500,"message":{"system":"Internal Server Error","custom":""}} {"timestamp":"2024-08-11T22:51:28.358Z"}
info: Server ok en puerto 8080 in prod mode whit persistence in mongo, LANGUAGE = en {"timestamp":"2024-08-11T22:51:52.617Z"}
info: conectado a mongo Atlas {"timestamp":"2024-08-11T22:51:53.470Z"}
error: product not found {"timestamp":"2024-08-11T22:51:57.131Z"}
error: undefined {"timestamp":"2024-08-11T22:51:57.134Z"}
error: {"status":500,"message":{"system":"Internal Server Error","custom":""}} {"timestamp":"2024-08-11T22:51:57.134Z"}
info: Server ok en puerto 8080 in prod mode whit persistence in mongo, LANGUAGE = en {"timestamp":"2024-08-11T22:52:34.352Z"}
info: conectado a mongo Atlas {"timestamp":"2024-08-11T22:52:35.088Z"}
info: Server ok en puerto 8080 in prod mode whit persistence in mongo, LANGUAGE = en {"timestamp":"2024-08-11T22:53:11.548Z"}
info: conectado a mongo Atlas {"timestamp":"2024-08-11T22:53:12.284Z"}
info: Server ok en puerto 8080 in prod mode whit persistence in mongo, LANGUAGE = en {"timestamp":"2024-08-11T22:53:21.668Z"}
info: conectado a mongo Atlas {"timestamp":"2024-08-11T22:53:22.390Z"}
error: product not found {"timestamp":"2024-08-11T22:53:26.048Z"}
error: undefined {"timestamp":"2024-08-11T22:53:26.051Z"}
error: {"status":500,"message":{"system":"Internal Server Error","custom":""}} {"timestamp":"2024-08-11T22:53:26.051Z"}
info: Server ok en puerto 8080 in prod mode whit persistence in mongo, LANGUAGE = en {"timestamp":"2024-08-11T22:54:04.619Z"}
info: conectado a mongo Atlas {"timestamp":"2024-08-11T22:54:05.657Z"}
error: product not found {"timestamp":"2024-08-11T22:54:07.951Z"}
error: undefined {"timestamp":"2024-08-11T22:54:07.953Z"}
error: {"status":500,"message":{"system":"Internal Server Error","custom":""}} {"timestamp":"2024-08-11T22:54:07.953Z"}
info: Server ok en puerto 8080 in prod mode whit persistence in mongo, LANGUAGE = en {"timestamp":"2024-08-11T22:55:37.744Z"}
info: conectado a mongo Atlas {"timestamp":"2024-08-11T22:55:38.603Z"}
error: product not found {"timestamp":"2024-08-11T22:55:42.778Z"}
error: undefined {"timestamp":"2024-08-11T22:55:42.781Z"}
error: {"status":500,"message":{"system":"Internal Server Error","custom":""}} {"timestamp":"2024-08-11T22:55:42.781Z"}
info: Server ok en puerto 8080 in prod mode whit persistence in mongo, LANGUAGE = en {"timestamp":"2024-08-11T22:56:17.249Z"}
info: conectado a mongo Atlas {"timestamp":"2024-08-11T22:56:17.981Z"}
error: product not found {"timestamp":"2024-08-11T22:56:21.381Z"}
error: undefined {"timestamp":"2024-08-11T22:56:21.384Z"}
error: {"status":500,"message":{"system":"Internal Server Error","custom":""}} {"timestamp":"2024-08-11T22:56:21.384Z"}
info: Server ok en puerto 8080 in prod mode whit persistence in mongo, LANGUAGE = en {"timestamp":"2024-08-11T22:56:56.463Z"}
info: conectado a mongo Atlas {"timestamp":"2024-08-11T22:56:57.325Z"}
info: Server ok en puerto 8080 in prod mode whit persistence in mongo, LANGUAGE = en {"timestamp":"2024-08-11T22:57:05.822Z"}
info: conectado a mongo Atlas {"timestamp":"2024-08-11T22:57:06.760Z"}
error: product not found {"timestamp":"2024-08-11T22:57:10.315Z"}
error: undefined {"timestamp":"2024-08-11T22:57:10.317Z"}
error: {"status":500,"message":{"system":"Internal Server Error","custom":""}} {"timestamp":"2024-08-11T22:57:10.317Z"}
info: Server ok en puerto 8080 in prod mode whit persistence in mongo, LANGUAGE = en {"timestamp":"2024-08-11T22:57:25.527Z"}
info: conectado a mongo Atlas {"timestamp":"2024-08-11T22:57:26.323Z"}
error: product not found {"timestamp":"2024-08-11T22:57:33.017Z"}
info: Server ok en puerto 8080 in prod mode whit persistence in mongo, LANGUAGE = en {"timestamp":"2024-08-11T22:58:00.464Z"}
info: conectado a mongo Atlas {"timestamp":"2024-08-11T22:58:01.182Z"}
error: product not found {"timestamp":"2024-08-11T22:58:03.268Z"}
error: undefined {"timestamp":"2024-08-11T22:58:03.271Z"}
error: {"status":500,"message":{"system":"Internal Server Error","custom":""}} {"timestamp":"2024-08-11T22:58:03.271Z"}
info: Server ok en puerto 8080 in prod mode whit persistence in mongo, LANGUAGE = en {"timestamp":"2024-08-11T22:59:10.408Z"}
info: conectado a mongo Atlas {"timestamp":"2024-08-11T22:59:11.359Z"}
info: Server ok en puerto 8080 in prod mode whit persistence in mongo, LANGUAGE = en {"timestamp":"2024-08-11T22:59:30.797Z"}
info: conectado a mongo Atlas {"timestamp":"2024-08-11T22:59:31.541Z"}
error: product not found {"timestamp":"2024-08-11T22:59:34.055Z"}
error: undefined {"timestamp":"2024-08-11T22:59:34.059Z"}
error: {"status":500,"message":{"system":"Internal Server Error","custom":""}} {"timestamp":"2024-08-11T22:59:34.059Z"}
info: Server ok en puerto 8080 in prod mode whit persistence in mongo, LANGUAGE = en {"timestamp":"2024-08-11T23:00:08.471Z"}
info: conectado a mongo Atlas {"timestamp":"2024-08-11T23:00:09.264Z"}
error: product not found {"timestamp":"2024-08-11T23:00:13.381Z"}
error: undefined {"timestamp":"2024-08-11T23:00:13.384Z"}
error: {"status":500,"message":{"system":"Internal Server Error","custom":"Error: CastError: Cast to ObjectId failed for value \"6654fd71af457eac8e6beeb\" (type string) at path \"_id\" for model \"products\""}} {"timestamp":"2024-08-11T23:00:13.384Z"}
info: Server ok en puerto 8080 in prod mode whit persistence in mongo, LANGUAGE = en {"timestamp":"2024-08-11T23:02:55.278Z"}
info: conectado a mongo Atlas {"timestamp":"2024-08-11T23:02:56.514Z"}
info: Server ok en puerto 8080 in prod mode whit persistence in mongo, LANGUAGE = en {"timestamp":"2024-08-11T23:02:57.878Z"}
info: conectado a mongo Atlas {"timestamp":"2024-08-11T23:02:58.651Z"}
error: undefined {"timestamp":"2024-08-11T23:03:02.580Z"}
error: undefined {"timestamp":"2024-08-11T23:03:02.584Z"}
error: {"status":500,"message":{"system":"Internal Server Error","custom":"Error: CastError: Cast to ObjectId failed for value \"6654fd71af457eac8e6beeb\" (type string) at path \"_id\" for model \"products\""}} {"timestamp":"2024-08-11T23:03:02.584Z"}
info: Server ok en puerto 8080 in prod mode whit persistence in mongo, LANGUAGE = en {"timestamp":"2024-08-11T23:03:28.973Z"}
info: conectado a mongo Atlas {"timestamp":"2024-08-11T23:03:29.721Z"}
error: undefined {"timestamp":"2024-08-11T23:03:30.367Z"}
error: undefined {"timestamp":"2024-08-11T23:03:30.371Z"}
error: {"status":500,"message":{"system":"Internal Server Error","custom":"Error: CastError: Cast to ObjectId failed for value \"6654fd71af457eac8e6beeb\" (type string) at path \"_id\" for model \"products\""}} {"timestamp":"2024-08-11T23:03:30.371Z"}
info: Server ok en puerto 8080 in prod mode whit persistence in mongo, LANGUAGE = en {"timestamp":"2024-08-11T23:03:57.022Z"}
info: conectado a mongo Atlas {"timestamp":"2024-08-11T23:03:57.812Z"}
info: Server ok en puerto 8080 in prod mode whit persistence in mongo, LANGUAGE = en {"timestamp":"2024-08-11T23:04:24.611Z"}
info: conectado a mongo Atlas {"timestamp":"2024-08-11T23:04:25.533Z"}
error: undefined {"timestamp":"2024-08-11T23:04:27.247Z"}
error: undefined {"timestamp":"2024-08-11T23:04:27.251Z"}
error: {"status":500,"message":{"system":"Internal Server Error","custom":"Error: CastError: Cast to ObjectId failed for value \"6654fd71af457eac8e6beeb\" (type string) at path \"_id\" for model \"products\""}} {"timestamp":"2024-08-11T23:04:27.251Z"}
info: Server ok en puerto 8080 in prod mode whit persistence in mongo, LANGUAGE = en {"timestamp":"2024-08-11T23:05:50.718Z"}
info: conectado a mongo Atlas {"timestamp":"2024-08-11T23:05:51.608Z"}
error: undefined {"timestamp":"2024-08-11T23:05:54.579Z"}
error: undefined {"timestamp":"2024-08-11T23:05:54.582Z"}
error: {"status":500,"message":{"system":"Internal Server Error","custom":"Error: CastError: Cast to ObjectId failed for value \"6654fd71af457eac8e6beeb\" (type string) at path \"_id\" for model \"products\""}} {"timestamp":"2024-08-11T23:05:54.582Z"}
info: Server ok en puerto 8080 in prod mode whit persistence in mongo, LANGUAGE = en {"timestamp":"2024-08-11T23:06:30.952Z"}
info: conectado a mongo Atlas {"timestamp":"2024-08-11T23:06:31.767Z"}
info: Server ok en puerto 8080 in prod mode whit persistence in mongo, LANGUAGE = en {"timestamp":"2024-08-11T23:06:35.375Z"}
info: conectado a mongo Atlas {"timestamp":"2024-08-11T23:06:36.264Z"}
info: Server ok en puerto 8080 in prod mode whit persistence in mongo, LANGUAGE = en {"timestamp":"2024-08-11T23:06:41.811Z"}
info: conectado a mongo Atlas {"timestamp":"2024-08-11T23:06:42.548Z"}
info: Server ok en puerto 8080 in prod mode whit persistence in mongo, LANGUAGE = en {"timestamp":"2024-08-11T23:06:52.217Z"}
info: conectado a mongo Atlas {"timestamp":"2024-08-11T23:06:52.977Z"}
error: undefined {"timestamp":"2024-08-11T23:06:59.429Z"}
error: {"status":500,"message":{"system":"Internal Server Error","custom":"Error: CastError: Cast to ObjectId failed for value \"6654fd71af457eac8e6beeb\" (type string) at path \"_id\" for model \"products\""}} {"timestamp":"2024-08-11T23:06:59.429Z"}
info: {"status":404,"message":{"system":"Not found","custom":"product not found"},"data":null} {"timestamp":"2024-08-11T23:07:15.439Z"}
warning: attempted access without registration {"timestamp":"2024-08-11T23:07:59.187Z"}
warning: {"status":403,"message":{"system":"Forbidden","custom":"Please login first"},"error":""} {"timestamp":"2024-08-11T23:07:59.188Z"}
info: {"status":404,"message":{"system":"Not found","custom":"delete function disabled"},"data":{"_id":"66a6cf628c3de1ac26aa36a4","products":[],"__v":0}} {"timestamp":"2024-08-11T23:08:38.079Z"}
info: {"status":404,"message":{"system":"Not found","custom":"empty cart"},"data":{"_id":"66a6cf628c3de1ac26aa36a4","products":[],"__v":0}} {"timestamp":"2024-08-11T23:08:56.049Z"}
info: Server ok en puerto 8080 in prod mode whit persistence in mongo, LANGUAGE = en {"timestamp":"2024-08-11T23:11:35.887Z"}
info: conectado a mongo Atlas {"timestamp":"2024-08-11T23:11:37.003Z"}
info: Server ok en puerto 8080 in prod mode whit persistence in mongo, LANGUAGE = en {"timestamp":"2024-08-11T23:12:44.670Z"}
info: conectado a mongo Atlas {"timestamp":"2024-08-11T23:12:45.386Z"}
info: Server ok en puerto 8080 in prod mode whit persistence in mongo, LANGUAGE = en {"timestamp":"2024-08-11T23:15:57.154Z"}
info: conectado a mongo Atlas {"timestamp":"2024-08-11T23:15:58.076Z"}
info: Server ok en puerto 8080 in prod mode whit persistence in mongo, LANGUAGE = en {"timestamp":"2024-08-11T23:25:46.454Z"}
info: conectado a mongo Atlas {"timestamp":"2024-08-11T23:25:47.600Z"}
info: Server ok en puerto 8080 in prod mode whit persistence in mongo, LANGUAGE = en {"timestamp":"2024-08-11T23:28:30.870Z"}
info: conectado a mongo Atlas {"timestamp":"2024-08-11T23:28:32.219Z"}
warning: attempted access without registration {"timestamp":"2024-08-11T23:28:38.952Z"}
warning: {"status":403,"message":{"system":"Forbidden","custom":"Please login first"},"error":""} {"timestamp":"2024-08-11T23:28:38.952Z"}
warning: Unauthorized access try: {"first_name":"Paco","last_name":"Perez4","email":"pp4@mail.com","age":43,"role":"user","cart":{"_id":"66a6cf628c3de1ac26aa36a4","products":[],"__v":0}}, administrator role only {"timestamp":"2024-08-11T23:28:47.102Z"}
info: {"status":401,"message":{"system":"Unauthorized","custom":"administrator role only"},"error":{"role":"user"}} {"timestamp":"2024-08-11T23:28:47.103Z"}
fatal: logger test fatal {"timestamp":"2024-08-11T23:28:59.086Z"}
error: logger test error {"timestamp":"2024-08-11T23:28:59.087Z"}
warning: logger test warning {"timestamp":"2024-08-11T23:28:59.087Z"}
info: logger test info {"timestamp":"2024-08-11T23:28:59.087Z"}
error: ReferenceError: res is not defined {"timestamp":"2024-08-11T23:28:59.088Z"}
error: {"status":500,"message":{"system":"Internal Server Error","custom":{}},"error":"ReferenceError: res is not defined"} {"timestamp":"2024-08-11T23:28:59.088Z"}
info: Server ok en puerto 8080 in prod mode whit persistence in mongo, LANGUAGE = en {"timestamp":"2024-08-11T23:29:36.070Z"}
info: conectado a mongo Atlas {"timestamp":"2024-08-11T23:29:36.868Z"}
fatal: logger test fatal {"timestamp":"2024-08-11T23:29:42.865Z"}
error: logger test error {"timestamp":"2024-08-11T23:29:42.865Z"}
warning: logger test warning {"timestamp":"2024-08-11T23:29:42.865Z"}
info: logger test info {"timestamp":"2024-08-11T23:29:42.866Z"}
error: TypeError: res.status is not a function {"timestamp":"2024-08-11T23:29:42.866Z"}
error: {"status":500,"message":{"system":"Internal Server Error","custom":{}},"error":"TypeError: res.status is not a function"} {"timestamp":"2024-08-11T23:29:42.867Z"}
info: Server ok en puerto 8080 in prod mode whit persistence in mongo, LANGUAGE = en {"timestamp":"2024-08-11T23:30:46.176Z"}
info: conectado a mongo Atlas {"timestamp":"2024-08-11T23:30:47.160Z"}
fatal: logger test fatal {"timestamp":"2024-08-11T23:31:04.479Z"}
info: Server ok en puerto 8080 in prod mode whit persistence in mongo, LANGUAGE = en {"timestamp":"2024-08-11T23:31:30.907Z"}
info: conectado a mongo Atlas {"timestamp":"2024-08-11T23:31:31.726Z"}
fatal: logger test fatal {"timestamp":"2024-08-11T23:31:35.502Z"}
info: Server ok en puerto 8080 in prod mode whit persistence in mongo, LANGUAGE = en {"timestamp":"2024-08-11T23:31:52.088Z"}
info: conectado a mongo Atlas {"timestamp":"2024-08-11T23:31:52.909Z"}
fatal: logger test fatal {"timestamp":"2024-08-11T23:31:57.881Z"}
error: logger test error {"timestamp":"2024-08-11T23:31:57.881Z"}
warning: logger test warning {"timestamp":"2024-08-11T23:31:57.881Z"}
info: logger test info {"timestamp":"2024-08-11T23:31:57.882Z"}
error: TypeError: res.status is not a function {"timestamp":"2024-08-11T23:31:57.883Z"}
error: {"status":500,"message":{"system":"Internal Server Error","custom":{}},"error":"TypeError: res.status is not a function"} {"timestamp":"2024-08-11T23:31:57.883Z"}
info: Server ok en puerto 8080 in prod mode whit persistence in mongo, LANGUAGE = en {"timestamp":"2024-08-11T23:33:59.253Z"}
info: conectado a mongo Atlas {"timestamp":"2024-08-11T23:34:00.207Z"}
info: Server ok en puerto 8080 in prod mode whit persistence in mongo, LANGUAGE = en {"timestamp":"2024-08-11T23:34:51.224Z"}
info: conectado a mongo Atlas {"timestamp":"2024-08-11T23:34:51.976Z"}
warning: attempted access without registration {"timestamp":"2024-08-11T23:35:08.453Z"}
warning: {"status":403,"message":{"system":"Forbidden","custom":"Please login first"},"error":""} {"timestamp":"2024-08-11T23:35:08.454Z"}
fatal: logger test fatal {"timestamp":"2024-08-11T23:35:15.935Z"}
error: logger test error {"timestamp":"2024-08-11T23:35:15.936Z"}
warning: logger test warning {"timestamp":"2024-08-11T23:35:15.936Z"}
info: logger test info {"timestamp":"2024-08-11T23:35:15.936Z"}
info: Server ok en puerto 8080 in prod mode whit persistence in mongo, LANGUAGE = en {"timestamp":"2024-08-11T23:37:10.871Z"}
info: conectado a mongo Atlas {"timestamp":"2024-08-11T23:37:11.753Z"}
info: Server ok en puerto 8080 in prod mode whit persistence in mongo, LANGUAGE = en {"timestamp":"2024-08-11T23:39:45.388Z"}
info: conectado a mongo Atlas {"timestamp":"2024-08-11T23:39:46.216Z"}
fatal: logger test fatal {"timestamp":"2024-08-11T23:39:52.756Z"}
error: logger test error {"timestamp":"2024-08-11T23:39:52.756Z"}
warning: logger test warning {"timestamp":"2024-08-11T23:39:52.757Z"}
info: logger test info {"timestamp":"2024-08-11T23:39:52.757Z"}
info: Server ok en puerto 8080 in prod mode whit persistence in mongo, LANGUAGE = en {"timestamp":"2024-08-11T23:40:38.824Z"}
info: conectado a mongo Atlas {"timestamp":"2024-08-11T23:40:39.665Z"}
fatal: logger test fatal {"timestamp":"2024-08-11T23:40:46.146Z"}
info: Server ok en puerto 8080 in prod mode whit persistence in mongo, LANGUAGE = en {"timestamp":"2024-08-11T23:41:05.125Z"}
info: conectado a mongo Atlas {"timestamp":"2024-08-11T23:41:05.945Z"}
warning: attempted access without registration {"timestamp":"2024-08-11T23:41:15.845Z"}
warning: {"status":403,"message":{"system":"Forbidden","custom":"Please login first"},"error":""} {"timestamp":"2024-08-11T23:41:15.845Z"}
fatal: logger test fatal {"timestamp":"2024-08-11T23:41:32.033Z"}
error: logger test error {"timestamp":"2024-08-11T23:41:32.034Z"}
warning: logger test warning {"timestamp":"2024-08-11T23:41:32.034Z"}
info: logger test info {"timestamp":"2024-08-11T23:41:32.034Z"}
info: Server ok en puerto 8080 in prod mode whit persistence in mongo, LANGUAGE = en {"timestamp":"2024-08-11T23:42:14.825Z"}
info: conectado a mongo Atlas {"timestamp":"2024-08-11T23:42:15.669Z"}
fatal: logger test fatal {"timestamp":"2024-08-11T23:42:16.616Z"}
error: logger test error {"timestamp":"2024-08-11T23:42:16.616Z"}
warning: logger test warning {"timestamp":"2024-08-11T23:42:16.617Z"}
info: logger test info {"timestamp":"2024-08-11T23:42:16.617Z"}
info: Server ok en puerto 8080 in prod mode whit persistence in mongo, LANGUAGE = en {"timestamp":"2024-08-11T23:42:44.031Z"}
info: conectado a mongo Atlas {"timestamp":"2024-08-11T23:42:44.733Z"}
fatal: logger test fatal {"timestamp":"2024-08-11T23:42:47.826Z"}
error: logger test error {"timestamp":"2024-08-11T23:42:47.827Z"}
warning: logger test warning {"timestamp":"2024-08-11T23:42:47.827Z"}
info: logger test info {"timestamp":"2024-08-11T23:42:47.827Z"}
info: Server ok en puerto 8080 in prod mode whit persistence in mongo, LANGUAGE = en {"timestamp":"2024-08-11T23:42:55.626Z"}
info: conectado a mongo Atlas {"timestamp":"2024-08-11T23:42:56.423Z"}
fatal: logger test fatal {"timestamp":"2024-08-11T23:43:00.442Z"}
error: logger test error {"timestamp":"2024-08-11T23:43:00.443Z"}
warning: logger test warning {"timestamp":"2024-08-11T23:43:00.443Z"}
info: logger test info {"timestamp":"2024-08-11T23:43:00.443Z"}
info: Server ok en puerto 8080 in prod mode whit persistence in mongo, LANGUAGE = en {"timestamp":"2024-08-11T23:43:06.602Z"}
info: conectado a mongo Atlas {"timestamp":"2024-08-11T23:43:07.381Z"}
fatal: logger test fatal {"timestamp":"2024-08-11T23:43:10.498Z"}
error: logger test error {"timestamp":"2024-08-11T23:43:10.499Z"}
warning: logger test warning {"timestamp":"2024-08-11T23:43:10.499Z"}
info: logger test info {"timestamp":"2024-08-11T23:43:10.499Z"}
info: Server ok en puerto 8080 in prod mode whit persistence in mongo, LANGUAGE = es {"timestamp":"2024-08-11T23:44:33.286Z"}
info: conectado a mongo Atlas {"timestamp":"2024-08-11T23:44:34.317Z"}
fatal: logger test fatal {"timestamp":"2024-08-11T23:44:37.498Z"}
error: logger test error {"timestamp":"2024-08-11T23:44:37.498Z"}
warning: logger test warning {"timestamp":"2024-08-11T23:44:37.498Z"}
info: logger test info {"timestamp":"2024-08-11T23:44:37.499Z"}
info: Server ok en puerto 8080 in prod mode whit persistence in mongo, LANGUAGE = es {"timestamp":"2024-08-11T23:59:11.174Z"}
info: conectado a mongo Atlas {"timestamp":"2024-08-11T23:59:12.303Z"}
warning: attempted access without registration {"timestamp":"2024-08-11T23:59:14.554Z"}
warning: {"status":403,"message":{"system":"Acceso denegado","custom":"Please login first"},"error":""} {"timestamp":"2024-08-11T23:59:14.554Z"}
fatal: logger test fatal {"timestamp":"2024-08-11T23:59:56.646Z"}
error: logger test error {"timestamp":"2024-08-11T23:59:56.647Z"}
warning: logger test warning {"timestamp":"2024-08-11T23:59:56.647Z"}
info: logger test info {"timestamp":"2024-08-11T23:59:56.647Z"}
info: Server ok en puerto 8080 in prod mode whit persistence in mongo, LANGUAGE = es {"timestamp":"2024-08-12T00:00:45.403Z"}
info: conectado a mongo Atlas {"timestamp":"2024-08-12T00:00:46.400Z"}
warning: attempted access without registration {"timestamp":"2024-08-12T00:05:10.511Z"}
warning: {"status":403,"message":{"system":"Acceso denegado","custom":"Please login first"},"error":""} {"timestamp":"2024-08-12T00:05:10.513Z"}
fatal: logger test fatal {"timestamp":"2024-08-12T00:10:54.532Z"}
error: logger test error {"timestamp":"2024-08-12T00:10:54.533Z"}
warning: logger test warning {"timestamp":"2024-08-12T00:10:54.533Z"}
info: logger test info {"timestamp":"2024-08-12T00:10:54.533Z"}
info: Server ok en puerto 8080 in prod mode whit persistence in mongo, LANGUAGE = es {"timestamp":"2024-08-17T21:46:54.504Z"}
info: conectado a mongo Atlas {"timestamp":"2024-08-17T21:46:55.794Z"}
info: Server ok en puerto 8080 in prod mode whit persistence in mongo, LANGUAGE = es {"timestamp":"2024-08-17T21:48:22.872Z"}
info: conectado a mongo Atlas {"timestamp":"2024-08-17T21:48:23.774Z"}
info: Server ok en puerto 8080 in prod mode whit persistence in mongo, LANGUAGE = es {"timestamp":"2024-08-17T21:48:29.860Z"}
info: conectado a mongo Atlas {"timestamp":"2024-08-17T21:48:30.660Z"}
info: Server ok en puerto 8080 in prod mode whit persistence in mongo, LANGUAGE = es {"timestamp":"2024-08-17T22:03:39.761Z"}
info: conectado a mongo Atlas {"timestamp":"2024-08-17T22:03:40.934Z"}
info: Server ok en puerto 8080 in prod mode whit persistence in mongo, LANGUAGE = es {"timestamp":"2024-08-17T22:04:19.847Z"}
info: conectado a mongo Atlas {"timestamp":"2024-08-17T22:04:20.724Z"}
info: Server ok en puerto 8080 in prod mode whit persistence in mongo, LANGUAGE = es {"timestamp":"2024-08-17T22:18:48.200Z"}
info: conectado a mongo Atlas {"timestamp":"2024-08-17T22:18:49.582Z"}
info: Server ok en puerto 8080 in prod mode whit persistence in mongo, LANGUAGE = es {"timestamp":"2024-08-17T22:19:14.435Z"}
info: conectado a mongo Atlas {"timestamp":"2024-08-17T22:19:15.231Z"}
info: Server ok en puerto 8080 in prod mode whit persistence in mongo, LANGUAGE = es {"timestamp":"2024-08-17T22:20:53.770Z"}
info: conectado a mongo Atlas {"timestamp":"2024-08-17T22:20:55.018Z"}
info: Server ok en puerto 8080 in prod mode whit persistence in mongo, LANGUAGE = es {"timestamp":"2024-08-17T22:22:11.990Z"}
info: conectado a mongo Atlas {"timestamp":"2024-08-17T22:22:12.825Z"}
info: Server ok en puerto 8080 in prod mode whit persistence in mongo, LANGUAGE = es {"timestamp":"2024-08-17T22:27:43.602Z"}
info: conectado a mongo Atlas {"timestamp":"2024-08-17T22:27:44.540Z"}
info: Server ok en puerto 8080 in prod mode whit persistence in mongo, LANGUAGE = es {"timestamp":"2024-08-17T22:28:00.039Z"}
info: conectado a mongo Atlas {"timestamp":"2024-08-17T22:28:00.890Z"}
info: Server ok en puerto 8080 in prod mode whit persistence in mongo, LANGUAGE = es {"timestamp":"2024-08-17T22:28:33.479Z"}
info: conectado a mongo Atlas {"timestamp":"2024-08-17T22:28:34.306Z"}
info: Server ok en puerto 8080 in prod mode whit persistence in mongo, LANGUAGE = es {"timestamp":"2024-08-17T22:32:59.810Z"}
info: conectado a mongo Atlas {"timestamp":"2024-08-17T22:33:00.613Z"}
info: Server ok en puerto 8080 in prod mode whit persistence in mongo, LANGUAGE = es {"timestamp":"2024-08-17T22:33:52.674Z"}
info: conectado a mongo Atlas {"timestamp":"2024-08-17T22:33:53.466Z"}
info: Server ok en puerto 8080 in prod mode whit persistence in mongo, LANGUAGE = es {"timestamp":"2024-08-17T22:37:13.642Z"}
info: conectado a mongo Atlas {"timestamp":"2024-08-17T22:37:14.580Z"}
info: Server ok en puerto 8080 in prod mode whit persistence in mongo, LANGUAGE = es {"timestamp":"2024-08-17T22:37:36.133Z"}
info: conectado a mongo Atlas {"timestamp":"2024-08-17T22:37:36.952Z"}
info: Server ok en puerto 8080 in prod mode whit persistence in mongo, LANGUAGE = es {"timestamp":"2024-08-17T22:41:36.035Z"}
info: conectado a mongo Atlas {"timestamp":"2024-08-17T22:41:36.956Z"}
info: [object Object] {"timestamp":"2024-08-17T22:41:41.250Z"}
info: Server ok en puerto 8080 in prod mode whit persistence in mongo, LANGUAGE = es {"timestamp":"2024-08-17T22:43:41.807Z"}
info: conectado a mongo Atlas {"timestamp":"2024-08-17T22:43:42.679Z"}
info: [object Object] {"timestamp":"2024-08-17T22:43:47.913Z"}
info: Server ok en puerto 8080 in prod mode whit persistence in mongo, LANGUAGE = es {"timestamp":"2024-08-17T22:48:43.174Z"}
info: conectado a mongo Atlas {"timestamp":"2024-08-17T22:48:44.024Z"}
info: Server ok en puerto 8080 in prod mode whit persistence in mongo, LANGUAGE = es {"timestamp":"2024-08-17T22:53:22.135Z"}
info: conectado a mongo Atlas {"timestamp":"2024-08-17T22:53:23.051Z"}
info: Server ok en puerto 8080 in prod mode whit persistence in mongo, LANGUAGE = es {"timestamp":"2024-08-17T23:10:32.534Z"}
info: conectado a mongo Atlas {"timestamp":"2024-08-17T23:10:33.445Z"}
info: Server ok en puerto 8080 in prod mode whit persistence in mongo, LANGUAGE = es {"timestamp":"2024-08-17T23:11:08.454Z"}
info: conectado a mongo Atlas {"timestamp":"2024-08-17T23:11:09.197Z"}
info: Server ok en puerto 8080 in prod mode whit persistence in mongo, LANGUAGE = es {"timestamp":"2024-08-17T23:12:17.523Z"}
info: conectado a mongo Atlas {"timestamp":"2024-08-17T23:12:18.501Z"}
info: Server ok en puerto 8080 in prod mode whit persistence in mongo, LANGUAGE = es {"timestamp":"2024-08-17T23:13:41.028Z"}
info: conectado a mongo Atlas {"timestamp":"2024-08-17T23:13:41.968Z"}
info: Server ok en puerto 8080 in prod mode whit persistence in mongo, LANGUAGE = es {"timestamp":"2024-08-17T23:15:27.172Z"}
info: conectado a mongo Atlas {"timestamp":"2024-08-17T23:15:28.371Z"}
info: Server ok en puerto 8080 in prod mode whit persistence in mongo, LANGUAGE = es {"timestamp":"2024-08-17T23:16:25.909Z"}
info: conectado a mongo Atlas {"timestamp":"2024-08-17T23:16:26.712Z"}
info: [object Object] {"timestamp":"2024-08-17T23:16:40.572Z"}
info: Server ok en puerto 8080 in prod mode whit persistence in mongo, LANGUAGE = es {"timestamp":"2024-08-17T23:20:30.117Z"}
info: conectado a mongo Atlas {"timestamp":"2024-08-17T23:20:31.028Z"}
info: [object Object] {"timestamp":"2024-08-17T23:20:37.104Z"}
info: Server ok en puerto 8080 in prod mode whit persistence in mongo, LANGUAGE = es {"timestamp":"2024-08-17T23:25:59.629Z"}
info: conectado a mongo Atlas {"timestamp":"2024-08-17T23:26:00.552Z"}
info: Server ok en puerto 8080 in prod mode whit persistence in mongo, LANGUAGE = es {"timestamp":"2024-08-17T23:26:11.502Z"}
info: conectado a mongo Atlas {"timestamp":"2024-08-17T23:26:12.306Z"}
info: Server ok en puerto 8080 in prod mode whit persistence in mongo, LANGUAGE = es {"timestamp":"2024-08-17T23:27:46.167Z"}
info: conectado a mongo Atlas {"timestamp":"2024-08-17T23:27:47.250Z"}
info: Server ok en puerto 8080 in prod mode whit persistence in mongo, LANGUAGE = es {"timestamp":"2024-08-17T23:28:39.781Z"}
info: conectado a mongo Atlas {"timestamp":"2024-08-17T23:28:40.554Z"}
info: Server ok en puerto 8080 in prod mode whit persistence in mongo, LANGUAGE = es {"timestamp":"2024-08-17T23:39:54.165Z"}
info: conectado a mongo Atlas {"timestamp":"2024-08-17T23:39:55.254Z"}
info: Server ok en puerto 8080 in prod mode whit persistence in mongo, LANGUAGE = es {"timestamp":"2024-08-17T23:41:31.355Z"}
info: conectado a mongo Atlas {"timestamp":"2024-08-17T23:41:32.526Z"}
info: Server ok en puerto 8080 in prod mode whit persistence in mongo, LANGUAGE = es {"timestamp":"2024-08-17T23:41:59.587Z"}
info: conectado a mongo Atlas {"timestamp":"2024-08-17T23:42:00.373Z"}
info: Server ok en puerto 8080 in prod mode whit persistence in mongo, LANGUAGE = es {"timestamp":"2024-08-17T23:42:11.067Z"}
info: conectado a mongo Atlas {"timestamp":"2024-08-17T23:42:11.866Z"}
info: Server ok en puerto 8080 in prod mode whit persistence in mongo, LANGUAGE = es {"timestamp":"2024-08-17T23:42:44.867Z"}
info: conectado a mongo Atlas {"timestamp":"2024-08-17T23:42:45.656Z"}
info: Server ok en puerto 8080 in prod mode whit persistence in mongo, LANGUAGE = es {"timestamp":"2024-08-17T23:49:00.473Z"}
info: conectado a mongo Atlas {"timestamp":"2024-08-17T23:49:01.567Z"}
info: Server ok en puerto 8080 in prod mode whit persistence in mongo, LANGUAGE = es {"timestamp":"2024-08-17T23:49:29.101Z"}
info: conectado a mongo Atlas {"timestamp":"2024-08-17T23:49:29.877Z"}
info: Server ok en puerto 8080 in prod mode whit persistence in mongo, LANGUAGE = es {"timestamp":"2024-08-17T23:51:11.091Z"}
info: conectado a mongo Atlas {"timestamp":"2024-08-17T23:51:12.179Z"}
info: Server ok en puerto 8080 in prod mode whit persistence in mongo, LANGUAGE = es {"timestamp":"2024-08-17T23:53:09.760Z"}
info: conectado a mongo Atlas {"timestamp":"2024-08-17T23:53:10.644Z"}
info: Server ok en puerto 8080 in prod mode whit persistence in mongo, LANGUAGE = es {"timestamp":"2024-08-17T23:54:02.512Z"}
info: conectado a mongo Atlas {"timestamp":"2024-08-17T23:54:03.257Z"}
info: Server ok en puerto 8080 in prod mode whit persistence in mongo, LANGUAGE = es {"timestamp":"2024-08-17T23:54:58.971Z"}
info: conectado a mongo Atlas {"timestamp":"2024-08-17T23:55:00.204Z"}
info: Server ok en puerto 8080 in prod mode whit persistence in mongo, LANGUAGE = es {"timestamp":"2024-08-17T23:55:48.229Z"}
info: conectado a mongo Atlas {"timestamp":"2024-08-17T23:55:49.018Z"}
info: [object Object] {"timestamp":"2024-08-17T23:57:07.344Z"}
info: Server ok en puerto 8080 in prod mode whit persistence in mongo, LANGUAGE = es {"timestamp":"2024-08-17T23:58:33.194Z"}
info: conectado a mongo Atlas {"timestamp":"2024-08-17T23:58:34.151Z"}
info: Server ok en puerto 8080 in prod mode whit persistence in mongo, LANGUAGE = es {"timestamp":"2024-08-17T23:59:08.803Z"}
info: conectado a mongo Atlas {"timestamp":"2024-08-17T23:59:09.612Z"}
info: Server ok en puerto 8080 in prod mode whit persistence in mongo, LANGUAGE = es {"timestamp":"2024-08-17T23:59:30.156Z"}
info: conectado a mongo Atlas {"timestamp":"2024-08-17T23:59:30.977Z"}
info: Server ok en puerto 8080 in prod mode whit persistence in mongo, LANGUAGE = es {"timestamp":"2024-08-17T23:59:45.535Z"}
info: conectado a mongo Atlas {"timestamp":"2024-08-17T23:59:46.347Z"}
error: Error: TypeError: Cannot read properties of null (reading 'first_name') {"timestamp":"2024-08-18T00:00:23.787Z"}
error: {"status":500,"message":{"system":"error Interno del servidor","custom":{}},"error":"Error: TypeError: Cannot read properties of null (reading 'first_name')"} {"timestamp":"2024-08-18T00:00:23.787Z"}
error: Error: TypeError: Cannot read properties of null (reading 'first_name') {"timestamp":"2024-08-18T00:01:36.898Z"}
error: {"status":500,"message":{"system":"error Interno del servidor","custom":{}},"error":"Error: TypeError: Cannot read properties of null (reading 'first_name')"} {"timestamp":"2024-08-18T00:01:36.899Z"}
info: Server ok en puerto 8080 in prod mode whit persistence in mongo, LANGUAGE = es {"timestamp":"2024-08-18T00:01:55.938Z"}
info: conectado a mongo Atlas {"timestamp":"2024-08-18T00:01:56.860Z"}
error: Error: TypeError: Cannot read properties of null (reading 'first_name') {"timestamp":"2024-08-18T00:01:59.676Z"}
error: {"status":500,"message":{"system":"error Interno del servidor","custom":{}},"error":"Error: TypeError: Cannot read properties of null (reading 'first_name')"} {"timestamp":"2024-08-18T00:01:59.677Z"}
info: Server ok en puerto 8080 in prod mode whit persistence in mongo, LANGUAGE = es {"timestamp":"2024-08-18T00:03:09.627Z"}
info: conectado a mongo Atlas {"timestamp":"2024-08-18T00:03:10.367Z"}
info: Server ok en puerto 8080 in prod mode whit persistence in mongo, LANGUAGE = es {"timestamp":"2024-08-18T00:04:16.279Z"}
info: conectado a mongo Atlas {"timestamp":"2024-08-18T00:04:17.059Z"}
warning: attempted access without registration {"timestamp":"2024-08-18T00:04:21.672Z"}
warning: {"status":403,"message":{"system":"Acceso denegado","custom":"Please login first"},"error":""} {"timestamp":"2024-08-18T00:04:21.672Z"}
info: [object Object] {"timestamp":"2024-08-18T00:04:51.518Z"}
info: [object Object] {"timestamp":"2024-08-18T00:05:05.431Z"}
info: [object Object] {"timestamp":"2024-08-18T00:05:42.385Z"}
info: Server ok en puerto 8080 in prod mode whit persistence in mongo, LANGUAGE = es {"timestamp":"2024-08-18T00:06:40.804Z"}
info: conectado a mongo Atlas {"timestamp":"2024-08-18T00:06:41.767Z"}
info: Server ok en puerto 8080 in prod mode whit persistence in mongo, LANGUAGE = es {"timestamp":"2024-08-18T00:11:57.478Z"}
info: conectado a mongo Atlas {"timestamp":"2024-08-18T00:11:58.413Z"}
warning: attempted access without registration {"timestamp":"2024-08-18T00:12:26.553Z"}
warning: {"status":403,"message":{"system":"Acceso denegado","custom":"Please login first"},"error":""} {"timestamp":"2024-08-18T00:12:26.553Z"}
info: [object Object] {"timestamp":"2024-08-18T00:12:36.801Z"}
info: Server ok en puerto 8080 in prod mode whit persistence in mongo, LANGUAGE = es {"timestamp":"2024-08-18T00:13:20.915Z"}
info: conectado a mongo Atlas {"timestamp":"2024-08-18T00:13:21.905Z"}
info: [object Object] {"timestamp":"2024-08-18T00:13:28.466Z"}
info: Server ok en puerto 8080 in prod mode whit persistence in mongo, LANGUAGE = es {"timestamp":"2024-08-18T00:13:55.591Z"}
info: conectado a mongo Atlas {"timestamp":"2024-08-18T00:13:56.342Z"}
info: Server ok en puerto 8080 in prod mode whit persistence in mongo, LANGUAGE = es {"timestamp":"2024-08-18T00:18:06.003Z"}
info: conectado a mongo Atlas {"timestamp":"2024-08-18T00:18:06.910Z"}
warning: attempted access without registration {"timestamp":"2024-08-18T00:18:20.021Z"}
warning: {"status":403,"message":{"system":"Acceso denegado","custom":"Please login first"},"error":""} {"timestamp":"2024-08-18T00:18:20.021Z"}
info: [object Object] {"timestamp":"2024-08-18T00:18:27.782Z"}
info: Server ok en puerto 8080 in prod mode whit persistence in mongo, LANGUAGE = es {"timestamp":"2024-08-18T00:20:02.309Z"}
info: conectado a mongo Atlas {"timestamp":"2024-08-18T00:20:03.188Z"}
info: [object Object] {"timestamp":"2024-08-18T00:20:48.662Z"}
info: Server ok en puerto 8080 in prod mode whit persistence in mongo, LANGUAGE = es {"timestamp":"2024-08-18T00:21:39.598Z"}
info: conectado a mongo Atlas {"timestamp":"2024-08-18T00:21:40.611Z"}
info: Server ok en puerto 8080 in prod mode whit persistence in mongo, LANGUAGE = es {"timestamp":"2024-08-18T00:21:46.458Z"}
info: conectado a mongo Atlas {"timestamp":"2024-08-18T00:21:47.265Z"}
info: [object Object] {"timestamp":"2024-08-18T00:21:52.629Z"}
info: Server ok en puerto 8080 in prod mode whit persistence in mongo, LANGUAGE = es {"timestamp":"2024-08-18T00:24:02.608Z"}
info: conectado a mongo Atlas {"timestamp":"2024-08-18T00:24:03.468Z"}
info: [object Object] {"timestamp":"2024-08-18T00:24:08.272Z"}
info: Server ok en puerto 8080 in prod mode whit persistence in mongo, LANGUAGE = es {"timestamp":"2024-08-18T00:26:28.712Z"}
info: conectado a mongo Atlas {"timestamp":"2024-08-18T00:26:29.635Z"}
info: [object Object] {"timestamp":"2024-08-18T00:26:34.814Z"}
info: Server ok en puerto 8080 in prod mode whit persistence in mongo, LANGUAGE = es {"timestamp":"2024-08-18T00:27:15.324Z"}
info: conectado a mongo Atlas {"timestamp":"2024-08-18T00:27:16.251Z"}
info: Server ok en puerto 8080 in prod mode whit persistence in mongo, LANGUAGE = es {"timestamp":"2024-08-18T00:27:35.792Z"}
info: conectado a mongo Atlas {"timestamp":"2024-08-18T00:27:36.581Z"}
info: Server ok en puerto 8080 in prod mode whit persistence in mongo, LANGUAGE = es {"timestamp":"2024-08-18T00:28:47.070Z"}
info: conectado a mongo Atlas {"timestamp":"2024-08-18T00:28:48.242Z"}
info: {"from":"liquidstoreproyect@gmail.com","to":["jp.sarobe@gmail.com"]} {"timestamp":"2024-08-18T00:28:54.346Z"}
info: Server ok en puerto 8080 in prod mode whit persistence in mongo, LANGUAGE = es {"timestamp":"2024-08-18T00:30:25.315Z"}
info: conectado a mongo Atlas {"timestamp":"2024-08-18T00:30:26.254Z"}
info: Nuevo inicio de sesion registrado ,  {"from":"liquidstoreproyect@gmail.com","to":["jp.sarobe@gmail.com"]} {"timestamp":"2024-08-18T00:30:31.668Z"}
info: Server ok en puerto 8080 in prod mode whit persistence in mongo, LANGUAGE = es {"timestamp":"2024-08-18T00:30:58.184Z"}
info: conectado a mongo Atlas {"timestamp":"2024-08-18T00:30:58.968Z"}
info: Gracias por suscribirte a LiquidStore,  {"from":"liquidstoreproyect@gmail.com","to":["jp.sarobe2@gmail.com"]} {"timestamp":"2024-08-18T00:31:13.136Z"}
info: Gracias por suscribirte a LiquidStore,  {"from":"liquidstoreproyect@gmail.com","to":["juanpablosarobe@hotmail.com"]} {"timestamp":"2024-08-18T00:33:39.777Z"}
info: Server ok en puerto 8080 in prod mode whit persistence in mongo, LANGUAGE = es {"timestamp":"2024-08-18T00:50:52.569Z"}
info: conectado a mongo Atlas {"timestamp":"2024-08-18T00:50:53.729Z"}
info: Server ok en puerto 8080 in prod mode whit persistence in mongo, LANGUAGE = es {"timestamp":"2024-08-18T00:51:48.509Z"}
info: conectado a mongo Atlas {"timestamp":"2024-08-18T00:51:49.379Z"}
info: Server ok en puerto 8080 in prod mode whit persistence in mongo, LANGUAGE = es {"timestamp":"2024-08-18T00:58:15.574Z"}
info: conectado a mongo Atlas {"timestamp":"2024-08-18T00:58:16.478Z"}
info: Server ok en puerto 8080 in prod mode whit persistence in mongo, LANGUAGE = es {"timestamp":"2024-08-18T00:58:18.110Z"}
info: conectado a mongo Atlas {"timestamp":"2024-08-18T00:58:19.056Z"}
info: Server ok en puerto 8080 in prod mode whit persistence in mongo, LANGUAGE = es {"timestamp":"2024-08-18T01:01:46.815Z"}
info: conectado a mongo Atlas {"timestamp":"2024-08-18T01:01:47.700Z"}
info: Server ok en puerto 8080 in prod mode whit persistence in mongo, LANGUAGE = es {"timestamp":"2024-08-18T01:02:12.127Z"}
info: conectado a mongo Atlas {"timestamp":"2024-08-18T01:02:12.908Z"}
info: Server ok en puerto 8080 in prod mode whit persistence in mongo, LANGUAGE = es {"timestamp":"2024-08-18T01:02:34.493Z"}
info: conectado a mongo Atlas {"timestamp":"2024-08-18T01:02:35.248Z"}
info: Server ok en puerto 8080 in prod mode whit persistence in mongo, LANGUAGE = es {"timestamp":"2024-08-18T01:02:41.978Z"}
info: conectado a mongo Atlas {"timestamp":"2024-08-18T01:02:42.792Z"}
warning: attempted access without registration {"timestamp":"2024-08-18T01:03:37.600Z"}
warning: {"status":403,"message":{"system":"Acceso denegado","custom":"Please login first"},"error":""} {"timestamp":"2024-08-18T01:03:37.601Z"}
info: Nuevo inicio de sesion registrado ,  {"from":"liquidstoreproyect@gmail.com","to":["jp.sarobe@gmail.com"]} {"timestamp":"2024-08-18T01:03:44.299Z"}
info: Server ok en puerto 8080 in prod mode whit persistence in mongo, LANGUAGE = es {"timestamp":"2024-08-18T01:29:16.404Z"}
info: conectado a mongo Atlas {"timestamp":"2024-08-18T01:29:17.417Z"}
info: Nuevo inicio de sesion registrado ,  {"from":"liquidstoreproyect@gmail.com","to":["jp.sarobe@gmail.com"]} {"timestamp":"2024-08-18T01:29:23.952Z"}
info: Server ok en puerto 8080 in prod mode whit persistence in mongo, LANGUAGE = es {"timestamp":"2024-08-18T01:29:52.170Z"}
info: conectado a mongo Atlas {"timestamp":"2024-08-18T01:29:52.967Z"}
info: Nuevo inicio de sesion registrado ,  {"from":"liquidstoreproyect@gmail.com","to":["jp.sarobe@gmail.com"]} {"timestamp":"2024-08-18T01:30:08.871Z"}
info: Server ok en puerto 8080 in prod mode whit persistence in mongo, LANGUAGE = es {"timestamp":"2024-08-18T01:30:34.701Z"}
info: conectado a mongo Atlas {"timestamp":"2024-08-18T01:30:35.735Z"}
info: Nuevo inicio de sesion registrado ,  {"from":"liquidstoreproyect@gmail.com","to":["jp.sarobe@gmail.com"]} {"timestamp":"2024-08-18T01:30:42.140Z"}
info: Server ok en puerto 8080 in prod mode whit persistence in mongo, LANGUAGE = es {"timestamp":"2024-08-18T01:31:28.428Z"}
info: conectado a mongo Atlas {"timestamp":"2024-08-18T01:31:29.217Z"}
info: Server ok en puerto 8080 in prod mode whit persistence in mongo, LANGUAGE = es {"timestamp":"2024-08-18T01:31:35.508Z"}
info: conectado a mongo Atlas {"timestamp":"2024-08-18T01:31:36.406Z"}
info: Server ok en puerto 8080 in prod mode whit persistence in mongo, LANGUAGE = es {"timestamp":"2024-08-18T01:31:53.284Z"}
info: conectado a mongo Atlas {"timestamp":"2024-08-18T01:31:54.149Z"}
info: Nuevo inicio de sesion registrado,  {"from":"liquidstoreproyect@gmail.com","to":["jp.sarobe@gmail.com"]} {"timestamp":"2024-08-18T01:31:59.098Z"}
info: Server ok en puerto 8080 in prod mode whit persistence in mongo, LANGUAGE = es {"timestamp":"2024-08-18T01:33:59.339Z"}
info: conectado a mongo Atlas {"timestamp":"2024-08-18T01:34:00.483Z"}
info: Nuevo inicio de sesion registrado,  {"from":"liquidstoreproyect@gmail.com","to":["jp.sarobe@gmail.com"]} {"timestamp":"2024-08-18T01:34:06.883Z"}
info: Server ok en puerto 8080 in prod mode whit persistence in mongo, LANGUAGE = es {"timestamp":"2024-08-18T01:34:29.903Z"}
info: conectado a mongo Atlas {"timestamp":"2024-08-18T01:34:30.655Z"}
info: Nuevo inicio de sesion registrado,  {"from":"liquidstoreproyect@gmail.com","to":["jp.sarobe@gmail.com"]} {"timestamp":"2024-08-18T01:34:40.149Z"}
info: Server ok en puerto 8080 in prod mode whit persistence in mongo, LANGUAGE = es {"timestamp":"2024-08-18T01:36:17.351Z"}
info: conectado a mongo Atlas {"timestamp":"2024-08-18T01:36:18.258Z"}
info: Nuevo inicio de sesion registrado,  {"from":"liquidstoreproyect@gmail.com","to":["jp.sarobe@gmail.com"]} {"timestamp":"2024-08-18T01:36:33.526Z"}
info: Server ok en puerto 8080 in prod mode whit persistence in mongo, LANGUAGE = es {"timestamp":"2024-08-18T01:42:23.730Z"}
info: conectado a mongo Atlas {"timestamp":"2024-08-18T01:42:24.750Z"}
info: Nuevo inicio de sesion registrado,  {"from":"liquidstoreproyect@gmail.com","to":["jp.sarobe@gmail.com"]} {"timestamp":"2024-08-18T01:42:32.329Z"}
info: Nuevo inicio de sesion registrado,  {"from":"liquidstoreproyect@gmail.com","to":["jp.sarobe@gmail.com"]} {"timestamp":"2024-08-18T01:43:04.618Z"}
info: Server ok en puerto 8080 in prod mode whit persistence in mongo, LANGUAGE = es {"timestamp":"2024-08-18T01:44:13.481Z"}
info: conectado a mongo Atlas {"timestamp":"2024-08-18T01:44:14.401Z"}
info: Nuevo inicio de sesion registrado,  {"from":"liquidstoreproyect@gmail.com","to":["jp.sarobe@gmail.com"]} {"timestamp":"2024-08-18T01:44:23.139Z"}
info: Server ok en puerto 8080 in prod mode whit persistence in mongo, LANGUAGE = es {"timestamp":"2024-08-18T01:46:12.739Z"}
info: conectado a mongo Atlas {"timestamp":"2024-08-18T01:46:13.597Z"}
info: Server ok en puerto 8080 in prod mode whit persistence in mongo, LANGUAGE = es {"timestamp":"2024-08-18T01:47:36.199Z"}
info: conectado a mongo Atlas {"timestamp":"2024-08-18T01:47:37.058Z"}
info: Server ok en puerto 8080 in prod mode whit persistence in mongo, LANGUAGE = es {"timestamp":"2024-08-18T01:48:26.784Z"}
info: conectado a mongo Atlas {"timestamp":"2024-08-18T01:48:27.546Z"}
info: Server ok en puerto 8080 in prod mode whit persistence in mongo, LANGUAGE = es {"timestamp":"2024-08-18T01:49:10.040Z"}
info: conectado a mongo Atlas {"timestamp":"2024-08-18T01:49:10.915Z"}
info: Server ok en puerto 8080 in prod mode whit persistence in mongo, LANGUAGE = es {"timestamp":"2024-08-18T01:49:37.103Z"}
info: conectado a mongo Atlas {"timestamp":"2024-08-18T01:49:37.881Z"}
info: Nuevo inicio de sesion registrado,  {"from":"liquidstoreproyect@gmail.com","to":["jp.sarobe@gmail.com"]} {"timestamp":"2024-08-18T01:49:45.009Z"}
error: Error: TypeError: Cannot read properties of null (reading 'first_name') {"timestamp":"2024-08-18T01:51:00.682Z"}
error: {"status":500,"message":{"system":"error Interno del servidor","custom":{}},"error":"Error: TypeError: Cannot read properties of null (reading 'first_name')"} {"timestamp":"2024-08-18T01:51:00.683Z"}
error: Error: TypeError: Cannot read properties of null (reading 'first_name') {"timestamp":"2024-08-18T01:51:11.018Z"}
error: {"status":500,"message":{"system":"error Interno del servidor","custom":{}},"error":"Error: TypeError: Cannot read properties of null (reading 'first_name')"} {"timestamp":"2024-08-18T01:51:11.018Z"}
info: Server ok en puerto 8080 in prod mode whit persistence in mongo, LANGUAGE = es {"timestamp":"2024-08-18T01:51:17.358Z"}
info: conectado a mongo Atlas {"timestamp":"2024-08-18T01:51:18.312Z"}
error: Error: TypeError: Cannot read properties of null (reading 'first_name') {"timestamp":"2024-08-18T01:51:26.999Z"}
error: {"status":500,"message":{"system":"error Interno del servidor","custom":{}},"error":"Error: TypeError: Cannot read properties of null (reading 'first_name')"} {"timestamp":"2024-08-18T01:51:26.999Z"}
error: Error: TypeError: Cannot read properties of null (reading 'first_name') {"timestamp":"2024-08-18T01:51:49.982Z"}
error: {"status":500,"message":{"system":"error Interno del servidor","custom":{}},"error":"Error: TypeError: Cannot read properties of null (reading 'first_name')"} {"timestamp":"2024-08-18T01:51:49.982Z"}
info: Server ok en puerto 8080 in prod mode whit persistence in mongo, LANGUAGE = es {"timestamp":"2024-08-18T01:52:02.555Z"}
info: conectado a mongo Atlas {"timestamp":"2024-08-18T01:52:03.303Z"}
error: Error: TypeError: Cannot read properties of null (reading 'first_name') {"timestamp":"2024-08-18T01:52:10.458Z"}
error: {"status":500,"message":{"system":"error Interno del servidor","custom":{}},"error":"Error: TypeError: Cannot read properties of null (reading 'first_name')"} {"timestamp":"2024-08-18T01:52:10.458Z"}
info: Server ok en puerto 8080 in prod mode whit persistence in mongo, LANGUAGE = es {"timestamp":"2024-08-18T01:55:04.921Z"}
info: conectado a mongo Atlas {"timestamp":"2024-08-18T01:55:05.745Z"}
error: Error: TypeError: Cannot read properties of null (reading 'first_name') {"timestamp":"2024-08-18T01:55:11.625Z"}
error: {"status":500,"message":{"system":"error Interno del servidor","custom":{}},"error":"Error: TypeError: Cannot read properties of null (reading 'first_name')"} {"timestamp":"2024-08-18T01:55:11.625Z"}
info: Server ok en puerto 8080 in prod mode whit persistence in mongo, LANGUAGE = es {"timestamp":"2024-08-18T01:56:17.375Z"}
info: conectado a mongo Atlas {"timestamp":"2024-08-18T01:56:18.169Z"}
info: Server ok en puerto 8080 in prod mode whit persistence in mongo, LANGUAGE = es {"timestamp":"2024-08-18T01:56:48.025Z"}
info: conectado a mongo Atlas {"timestamp":"2024-08-18T01:56:48.800Z"}
info: Gracias por suscribirte a LiquidStore,  {"from":"liquidstoreproyect@gmail.com","to":["jp.sarobe@gmail.com"]} {"timestamp":"2024-08-18T01:56:54.968Z"}
info: Server ok en puerto 8080 in prod mode whit persistence in mongo, LANGUAGE = es {"timestamp":"2024-08-18T01:57:32.831Z"}
info: conectado a mongo Atlas {"timestamp":"2024-08-18T01:57:33.619Z"}
info: Nuevo inicio de sesion registrado,  {"from":"liquidstoreproyect@gmail.com","to":["jp.sarobe@gmail.com"]} {"timestamp":"2024-08-18T01:57:46.270Z"}
info: Server ok en puerto 8080 in prod mode whit persistence in mongo, LANGUAGE = es {"timestamp":"2024-08-18T02:00:38.844Z"}
info: conectado a mongo Atlas {"timestamp":"2024-08-18T02:00:39.816Z"}
info: Server ok en puerto 8080 in prod mode whit persistence in mongo, LANGUAGE = es {"timestamp":"2024-08-18T02:02:24.371Z"}
info: conectado a mongo Atlas {"timestamp":"2024-08-18T02:02:25.374Z"}
info: Nuevo inicio de sesion registrado,  {"from":"liquidstoreproyect@gmail.com","to":["jp.sarobe@gmail.com"]} {"timestamp":"2024-08-18T02:02:41.323Z"}
warning: attempted access without registration {"timestamp":"2024-08-18T02:05:10.123Z"}
warning: {"status":403,"message":{"system":"Acceso denegado","custom":"Please login first"},"error":""} {"timestamp":"2024-08-18T02:05:10.126Z"}
info: Server ok en puerto 8080 in prod mode whit persistence in mongo, LANGUAGE = es {"timestamp":"2024-08-18T02:05:58.548Z"}
info: conectado a mongo Atlas {"timestamp":"2024-08-18T02:05:59.572Z"}
info: Server ok en puerto 8080 in prod mode whit persistence in mongo, LANGUAGE = es {"timestamp":"2024-08-18T02:06:17.879Z"}
info: conectado a mongo Atlas {"timestamp":"2024-08-18T02:06:18.657Z"}
info: Server ok en puerto 8080 in prod mode whit persistence in mongo, LANGUAGE = es {"timestamp":"2024-08-18T02:10:23.134Z"}
info: conectado a mongo Atlas {"timestamp":"2024-08-18T02:10:24.083Z"}
info: Server ok en puerto 8080 in prod mode whit persistence in mongo, LANGUAGE = es {"timestamp":"2024-08-18T02:10:35.690Z"}
info: conectado a mongo Atlas {"timestamp":"2024-08-18T02:10:36.461Z"}
info: Server ok en puerto 8080 in prod mode whit persistence in mongo, LANGUAGE = es {"timestamp":"2024-08-18T02:11:02.735Z"}
info: conectado a mongo Atlas {"timestamp":"2024-08-18T02:11:03.511Z"}
info: Server ok en puerto 8080 in prod mode whit persistence in mongo, LANGUAGE = es {"timestamp":"2024-08-18T02:11:19.995Z"}
info: conectado a mongo Atlas {"timestamp":"2024-08-18T02:11:20.821Z"}
info: Server ok en puerto 8080 in prod mode whit persistence in mongo, LANGUAGE = es {"timestamp":"2024-08-18T23:53:42.003Z"}
info: conectado a mongo Atlas {"timestamp":"2024-08-18T23:53:42.971Z"}
info: Server ok en puerto 8080 in prod mode whit persistence in mongo, LANGUAGE = es {"timestamp":"2024-08-18T23:54:30.523Z"}
info: conectado a mongo Atlas {"timestamp":"2024-08-18T23:54:31.317Z"}
info: Server ok en puerto 8080 in prod mode whit persistence in mongo, LANGUAGE = es {"timestamp":"2024-08-18T23:55:45.862Z"}
info: conectado a mongo Atlas {"timestamp":"2024-08-18T23:55:46.945Z"}
info: Server ok en puerto 8080 in prod mode whit persistence in mongo, LANGUAGE = es {"timestamp":"2024-08-18T23:59:14.524Z"}
info: conectado a mongo Atlas {"timestamp":"2024-08-18T23:59:16.208Z"}
info: Nuevo inicio de sesion registrado,  {"from":"liquidstoreproyect@gmail.com","to":["jp.sarobe@gmail.com"]} {"timestamp":"2024-08-18T23:59:37.455Z"}
info: Server ok en puerto 8080 in prod mode whit persistence in mongo, LANGUAGE = es {"timestamp":"2024-08-19T00:05:50.705Z"}
info: conectado a mongo Atlas {"timestamp":"2024-08-19T00:05:51.686Z"}
info: Server ok en puerto 8080 in prod mode whit persistence in mongo, LANGUAGE = es {"timestamp":"2024-08-19T00:06:04.929Z"}
info: conectado a mongo Atlas {"timestamp":"2024-08-19T00:06:05.779Z"}
info: Server ok en puerto 8080 in prod mode whit persistence in mongo, LANGUAGE = es {"timestamp":"2024-08-19T00:06:14.506Z"}
info: conectado a mongo Atlas {"timestamp":"2024-08-19T00:06:15.381Z"}
info: Nuevo inicio de sesion registrado,  {"from":"liquidstoreproyect@gmail.com","to":["jp.sarobe@gmail.com"]} {"timestamp":"2024-08-19T00:06:21.510Z"}
info: Server ok en puerto 8080 in prod mode whit persistence in mongo, LANGUAGE = es {"timestamp":"2024-08-19T00:07:08.482Z"}
info: conectado a mongo Atlas {"timestamp":"2024-08-19T00:07:09.447Z"}
info: Nuevo inicio de sesion registrado,  {"from":"liquidstoreproyect@gmail.com","to":["jp.sarobe@gmail.com"]} {"timestamp":"2024-08-19T00:07:13.738Z"}
info: Server ok en puerto 8080 in prod mode whit persistence in mongo, LANGUAGE = es {"timestamp":"2024-08-19T00:08:06.853Z"}
info: conectado a mongo Atlas {"timestamp":"2024-08-19T00:08:07.594Z"}
info: Server ok en puerto 8080 in prod mode whit persistence in mongo, LANGUAGE = es {"timestamp":"2024-08-19T00:08:23.848Z"}
info: conectado a mongo Atlas {"timestamp":"2024-08-19T00:08:24.636Z"}
info: Nuevo inicio de sesion registrado,  {"from":"liquidstoreproyect@gmail.com","to":["jp.sarobe@gmail.com"]} {"timestamp":"2024-08-19T00:08:46.941Z"}
info: Server ok en puerto 8080 in prod mode whit persistence in mongo, LANGUAGE = es {"timestamp":"2024-08-19T00:10:42.008Z"}
info: conectado a mongo Atlas {"timestamp":"2024-08-19T00:10:43.012Z"}
info: Server ok en puerto 8080 in prod mode whit persistence in mongo, LANGUAGE = es {"timestamp":"2024-08-19T00:10:57.725Z"}
info: conectado a mongo Atlas {"timestamp":"2024-08-19T00:10:58.523Z"}
error: userLogin is not defined {"timestamp":"2024-08-19T00:11:09.379Z"}
error: {"status":500,"message":{"system":"error Interno del servidor","custom":{}},"error":"userLogin is not defined"} {"timestamp":"2024-08-19T00:11:09.379Z"}
info: Server ok en puerto 8080 in prod mode whit persistence in mongo, LANGUAGE = es {"timestamp":"2024-08-19T00:11:51.738Z"}
info: conectado a mongo Atlas {"timestamp":"2024-08-19T00:11:52.526Z"}
error: userLogin is not defined {"timestamp":"2024-08-19T00:11:56.256Z"}
error: {"status":500,"message":{"system":"error Interno del servidor","custom":{}},"error":"userLogin is not defined"} {"timestamp":"2024-08-19T00:11:56.256Z"}
info: Nuevo inicio de sesion registrado,  {"from":"liquidstoreproyect@gmail.com","to":["jp.sarobe@gmail.com"]} {"timestamp":"2024-08-19T00:12:09.680Z"}
error: userLogin is not defined {"timestamp":"2024-08-19T00:12:15.855Z"}
error: {"status":500,"message":{"system":"error Interno del servidor","custom":{}},"error":"userLogin is not defined"} {"timestamp":"2024-08-19T00:12:15.855Z"}
info: Server ok en puerto 8080 in prod mode whit persistence in mongo, LANGUAGE = es {"timestamp":"2024-08-19T00:12:54.606Z"}
info: conectado a mongo Atlas {"timestamp":"2024-08-19T00:12:55.429Z"}
info: Server ok en puerto 8080 in prod mode whit persistence in mongo, LANGUAGE = es {"timestamp":"2024-08-19T00:14:42.875Z"}
info: conectado a mongo Atlas {"timestamp":"2024-08-19T00:14:43.748Z"}
info: Server ok en puerto 8080 in prod mode whit persistence in mongo, LANGUAGE = es {"timestamp":"2024-08-19T00:14:54.222Z"}
info: conectado a mongo Atlas {"timestamp":"2024-08-19T00:14:54.968Z"}
error: userLogin is not defined {"timestamp":"2024-08-19T00:15:01.240Z"}
error: {"status":500,"message":{"system":"error Interno del servidor","custom":{}},"error":"userLogin is not defined"} {"timestamp":"2024-08-19T00:15:01.241Z"}
info: Nuevo inicio de sesion registrado,  {"from":"liquidstoreproyect@gmail.com","to":["jp.sarobe@gmail.com"]} {"timestamp":"2024-08-19T00:15:08.815Z"}
error: userLogin is not defined {"timestamp":"2024-08-19T00:15:12.076Z"}
error: {"status":500,"message":{"system":"error Interno del servidor","custom":{}},"error":"userLogin is not defined"} {"timestamp":"2024-08-19T00:15:12.076Z"}
info: Server ok en puerto 8080 in prod mode whit persistence in mongo, LANGUAGE = es {"timestamp":"2024-08-19T00:16:28.631Z"}
info: conectado a mongo Atlas {"timestamp":"2024-08-19T00:16:29.502Z"}
info: Server ok en puerto 8080 in prod mode whit persistence in mongo, LANGUAGE = es {"timestamp":"2024-08-19T00:18:12.311Z"}
info: conectado a mongo Atlas {"timestamp":"2024-08-19T00:18:13.428Z"}
info: Server ok en puerto 8080 in prod mode whit persistence in mongo, LANGUAGE = es {"timestamp":"2024-08-19T00:19:50.522Z"}
info: conectado a mongo Atlas {"timestamp":"2024-08-19T00:19:51.484Z"}
info: Server ok en puerto 8080 in prod mode whit persistence in mongo, LANGUAGE = es {"timestamp":"2024-08-19T00:20:54.662Z"}
info: conectado a mongo Atlas {"timestamp":"2024-08-19T00:20:55.451Z"}
info: Server ok en puerto 8080 in prod mode whit persistence in mongo, LANGUAGE = es {"timestamp":"2024-08-19T00:25:28.993Z"}
info: conectado a mongo Atlas {"timestamp":"2024-08-19T00:25:30.095Z"}
info: Server ok en puerto 8080 in prod mode whit persistence in mongo, LANGUAGE = es {"timestamp":"2024-08-19T00:25:43.318Z"}
info: conectado a mongo Atlas {"timestamp":"2024-08-19T00:25:44.090Z"}
info: Server ok en puerto 8080 in prod mode whit persistence in mongo, LANGUAGE = es {"timestamp":"2024-08-19T00:26:27.132Z"}
info: conectado a mongo Atlas {"timestamp":"2024-08-19T00:26:27.891Z"}
info: Nuevo inicio de sesion registrado,  {"from":"liquidstoreproyect@gmail.com","to":["jp.sarobe@gmail.com"]} {"timestamp":"2024-08-19T00:26:36.183Z"}
info: Server ok en puerto 8080 in prod mode whit persistence in mongo, LANGUAGE = es {"timestamp":"2024-08-19T00:29:50.488Z"}
info: conectado a mongo Atlas {"timestamp":"2024-08-19T00:29:51.386Z"}
info: Server ok en puerto 8080 in prod mode whit persistence in mongo, LANGUAGE = es {"timestamp":"2024-08-19T00:30:07.131Z"}
info: conectado a mongo Atlas {"timestamp":"2024-08-19T00:30:07.925Z"}
info: Nuevo inicio de sesion registrado,  {"from":"liquidstoreproyect@gmail.com","to":["jp.sarobe@gmail.com"]} {"timestamp":"2024-08-19T00:30:17.224Z"}
info: Server ok en puerto 8080 in prod mode whit persistence in mongo, LANGUAGE = es {"timestamp":"2024-08-19T00:32:07.074Z"}
info: conectado a mongo Atlas {"timestamp":"2024-08-19T00:32:07.920Z"}
info: Server ok en puerto 8080 in prod mode whit persistence in mongo, LANGUAGE = es {"timestamp":"2024-08-19T00:33:48.618Z"}
info: conectado a mongo Atlas {"timestamp":"2024-08-19T00:33:49.418Z"}
info: Server ok en puerto 8080 in prod mode whit persistence in mongo, LANGUAGE = es {"timestamp":"2024-08-19T00:34:59.498Z"}
info: Server ok en puerto 8080 in prod mode whit persistence in mongo, LANGUAGE = es {"timestamp":"2024-08-19T00:35:00.060Z"}
info: conectado a mongo Atlas {"timestamp":"2024-08-19T00:35:00.833Z"}
info: Server ok en puerto 8080 in prod mode whit persistence in mongo, LANGUAGE = es {"timestamp":"2024-08-19T00:36:04.303Z"}
info: conectado a mongo Atlas {"timestamp":"2024-08-19T00:36:05.165Z"}
info: Server ok en puerto 8080 in prod mode whit persistence in mongo, LANGUAGE = es {"timestamp":"2024-08-19T00:36:33.195Z"}
info: conectado a mongo Atlas {"timestamp":"2024-08-19T00:36:34.094Z"}
info: Nuevo inicio de sesion registrado,  {"from":"liquidstoreproyect@gmail.com","to":["jp.sarobe@gmail.com"]} {"timestamp":"2024-08-19T00:36:38.907Z"}
info: Server ok en puerto 8080 in prod mode whit persistence in mongo, LANGUAGE = es {"timestamp":"2024-08-19T00:36:58.766Z"}
info: conectado a mongo Atlas {"timestamp":"2024-08-19T00:36:59.520Z"}
info: Server ok en puerto 8080 in prod mode whit persistence in mongo, LANGUAGE = es {"timestamp":"2024-08-19T00:37:23.545Z"}
info: conectado a mongo Atlas {"timestamp":"2024-08-19T00:37:24.290Z"}
info: Password restore,  {"from":"liquidstoreproyect@gmail.com","to":["jp.sarobe@gmail.com"]} {"timestamp":"2024-08-19T00:37:32.189Z"}
info: Server ok en puerto 8080 in prod mode whit persistence in mongo, LANGUAGE = es {"timestamp":"2024-08-19T00:39:23.085Z"}
info: conectado a mongo Atlas {"timestamp":"2024-08-19T00:39:24.019Z"}
info: Server ok en puerto 8080 in prod mode whit persistence in mongo, LANGUAGE = es {"timestamp":"2024-08-19T00:39:41.123Z"}
info: conectado a mongo Atlas {"timestamp":"2024-08-19T00:39:41.922Z"}
info: Server ok en puerto 8080 in prod mode whit persistence in mongo, LANGUAGE = es {"timestamp":"2024-08-19T00:41:05.786Z"}
info: conectado a mongo Atlas {"timestamp":"2024-08-19T00:41:06.633Z"}
info: Password restore,  {"from":"liquidstoreproyect@gmail.com","to":["jp.sarobe@gmail.com"]} {"timestamp":"2024-08-19T00:41:12.238Z"}
info: Server ok en puerto 8080 in prod mode whit persistence in mongo, LANGUAGE = es {"timestamp":"2024-08-19T00:41:39.124Z"}
info: conectado a mongo Atlas {"timestamp":"2024-08-19T00:41:39.883Z"}
info: Server ok en puerto 8080 in prod mode whit persistence in mongo, LANGUAGE = es {"timestamp":"2024-08-19T00:41:53.136Z"}
info: conectado a mongo Atlas {"timestamp":"2024-08-19T00:41:53.923Z"}
info: Password restore,  {"from":"liquidstoreproyect@gmail.com","to":["jp.sarobe@gmail.com"]} {"timestamp":"2024-08-19T00:41:59.607Z"}
warning: {"status":403,"message":{"system":"Acceso denegado","custom":""},"error":"Token expires, get a new token"} {"timestamp":"2024-08-19T00:42:15.589Z"}
error: Cannot set headers after they are sent to the client {"timestamp":"2024-08-19T00:42:15.622Z"}
error: {"status":500,"message":{"system":"error Interno del servidor","custom":{"code":"ERR_HTTP_HEADERS_SENT"}},"error":"Cannot set headers after they are sent to the client"} {"timestamp":"2024-08-19T00:42:15.623Z"}
info: Server ok en puerto 8080 in prod mode whit persistence in mongo, LANGUAGE = es {"timestamp":"2024-08-19T00:43:37.681Z"}
info: conectado a mongo Atlas {"timestamp":"2024-08-19T00:43:38.499Z"}
info: Server ok en puerto 8080 in prod mode whit persistence in mongo, LANGUAGE = es {"timestamp":"2024-08-19T00:43:40.672Z"}
info: conectado a mongo Atlas {"timestamp":"2024-08-19T00:43:41.443Z"}
info: Server ok en puerto 8080 in prod mode whit persistence in mongo, LANGUAGE = es {"timestamp":"2024-08-19T00:44:04.375Z"}
info: conectado a mongo Atlas {"timestamp":"2024-08-19T00:44:05.182Z"}
info: Server ok en puerto 8080 in prod mode whit persistence in mongo, LANGUAGE = es {"timestamp":"2024-08-19T00:46:02.971Z"}
info: conectado a mongo Atlas {"timestamp":"2024-08-19T00:46:03.847Z"}
info: Server ok en puerto 8080 in prod mode whit persistence in mongo, LANGUAGE = es {"timestamp":"2024-08-19T00:47:22.768Z"}
info: conectado a mongo Atlas {"timestamp":"2024-08-19T00:47:23.654Z"}
info: Server ok en puerto 8080 in prod mode whit persistence in mongo, LANGUAGE = es {"timestamp":"2024-08-19T00:48:20.338Z"}
info: conectado a mongo Atlas {"timestamp":"2024-08-19T00:48:21.157Z"}
info: Server ok en puerto 8080 in prod mode whit persistence in mongo, LANGUAGE = es {"timestamp":"2024-08-19T00:48:52.354Z"}
info: conectado a mongo Atlas {"timestamp":"2024-08-19T00:48:53.441Z"}
info: Server ok en puerto 8080 in prod mode whit persistence in mongo, LANGUAGE = es {"timestamp":"2024-08-19T00:49:06.204Z"}
info: conectado a mongo Atlas {"timestamp":"2024-08-19T00:49:06.986Z"}
info: Server ok en puerto 8080 in prod mode whit persistence in mongo, LANGUAGE = es {"timestamp":"2024-08-19T00:50:02.540Z"}
info: conectado a mongo Atlas {"timestamp":"2024-08-19T00:50:03.271Z"}
info: Server ok en puerto 8080 in prod mode whit persistence in mongo, LANGUAGE = es {"timestamp":"2024-08-19T00:51:16.144Z"}
info: conectado a mongo Atlas {"timestamp":"2024-08-19T00:51:17.141Z"}
info: Server ok en puerto 8080 in prod mode whit persistence in mongo, LANGUAGE = es {"timestamp":"2024-08-19T00:52:42.432Z"}
info: conectado a mongo Atlas {"timestamp":"2024-08-19T00:52:43.299Z"}
info: Server ok en puerto 8080 in prod mode whit persistence in mongo, LANGUAGE = es {"timestamp":"2024-08-19T00:53:23.737Z"}
info: conectado a mongo Atlas {"timestamp":"2024-08-19T00:53:24.578Z"}
info: Server ok en puerto 8080 in prod mode whit persistence in mongo, LANGUAGE = es {"timestamp":"2024-08-19T00:54:06.494Z"}
info: conectado a mongo Atlas {"timestamp":"2024-08-19T00:54:07.456Z"}
info: Server ok en puerto 8080 in prod mode whit persistence in mongo, LANGUAGE = es {"timestamp":"2024-08-19T00:55:10.027Z"}
info: conectado a mongo Atlas {"timestamp":"2024-08-19T00:55:10.810Z"}
info: Server ok en puerto 8080 in prod mode whit persistence in mongo, LANGUAGE = es {"timestamp":"2024-08-19T00:55:24.373Z"}
info: conectado a mongo Atlas {"timestamp":"2024-08-19T00:55:25.305Z"}
info: Server ok en puerto 8080 in prod mode whit persistence in mongo, LANGUAGE = es {"timestamp":"2024-08-19T00:55:31.232Z"}
info: conectado a mongo Atlas {"timestamp":"2024-08-19T00:55:32.144Z"}
info: Server ok en puerto 8080 in prod mode whit persistence in mongo, LANGUAGE = es {"timestamp":"2024-08-19T00:56:56.522Z"}
info: conectado a mongo Atlas {"timestamp":"2024-08-19T00:56:57.404Z"}
info: Server ok en puerto 8080 in prod mode whit persistence in mongo, LANGUAGE = es {"timestamp":"2024-08-19T00:57:08.423Z"}
info: conectado a mongo Atlas {"timestamp":"2024-08-19T00:57:09.205Z"}
info: Server ok en puerto 8080 in prod mode whit persistence in mongo, LANGUAGE = es {"timestamp":"2024-08-19T00:57:16.985Z"}
info: conectado a mongo Atlas {"timestamp":"2024-08-19T00:57:17.868Z"}
info: Server ok en puerto 8080 in prod mode whit persistence in mongo, LANGUAGE = es {"timestamp":"2024-08-19T00:57:20.740Z"}
info: conectado a mongo Atlas {"timestamp":"2024-08-19T00:57:21.537Z"}
info: Nuevo inicio de sesion registrado,  {"from":"liquidstoreproyect@gmail.com","to":["jp.sarobe@gmail.com"]} {"timestamp":"2024-08-19T00:57:29.989Z"}
info: Server ok en puerto 8080 in prod mode whit persistence in mongo, LANGUAGE = es {"timestamp":"2024-08-19T00:57:49.370Z"}
info: conectado a mongo Atlas {"timestamp":"2024-08-19T00:57:50.122Z"}
info: Server ok en puerto 8080 in prod mode whit persistence in mongo, LANGUAGE = es {"timestamp":"2024-08-19T00:58:05.785Z"}
info: conectado a mongo Atlas {"timestamp":"2024-08-19T00:58:06.534Z"}
info: Server ok en puerto 8080 in prod mode whit persistence in mongo, LANGUAGE = es {"timestamp":"2024-08-19T00:58:32.638Z"}
info: conectado a mongo Atlas {"timestamp":"2024-08-19T00:58:33.430Z"}
info: Server ok en puerto 8080 in prod mode whit persistence in mongo, LANGUAGE = es {"timestamp":"2024-08-19T00:58:46.689Z"}
info: conectado a mongo Atlas {"timestamp":"2024-08-19T00:58:47.428Z"}
info: Nuevo inicio de sesion registrado,  {"from":"liquidstoreproyect@gmail.com","to":["jp.sarobe@gmail.com"]} {"timestamp":"2024-08-19T00:58:52.709Z"}
info: Server ok en puerto 8080 in prod mode whit persistence in mongo, LANGUAGE = es {"timestamp":"2024-08-19T00:59:22.413Z"}
info: conectado a mongo Atlas {"timestamp":"2024-08-19T00:59:23.199Z"}
info: Nuevo inicio de sesion registrado,  {"from":"liquidstoreproyect@gmail.com","to":["jp.sarobe@gmail.com"]} {"timestamp":"2024-08-19T00:59:39.371Z"}
info: Server ok en puerto 8080 in prod mode whit persistence in mongo, LANGUAGE = es {"timestamp":"2024-08-19T00:59:48.329Z"}
info: conectado a mongo Atlas {"timestamp":"2024-08-19T00:59:49.295Z"}
info: Nuevo inicio de sesion registrado,  {"from":"liquidstoreproyect@gmail.com","to":["jp.sarobe@gmail.com"]} {"timestamp":"2024-08-19T00:59:55.171Z"}
info: Server ok en puerto 8080 in prod mode whit persistence in mongo, LANGUAGE = es {"timestamp":"2024-08-19T01:01:38.479Z"}
info: conectado a mongo Atlas {"timestamp":"2024-08-19T01:01:39.330Z"}
info: Server ok en puerto 8080 in prod mode whit persistence in mongo, LANGUAGE = es {"timestamp":"2024-08-19T01:01:49.289Z"}
info: conectado a mongo Atlas {"timestamp":"2024-08-19T01:01:50.075Z"}
info: Server ok en puerto 8080 in prod mode whit persistence in mongo, LANGUAGE = es {"timestamp":"2024-08-19T01:02:13.359Z"}
info: conectado a mongo Atlas {"timestamp":"2024-08-19T01:02:14.181Z"}
info: Server ok en puerto 8080 in prod mode whit persistence in mongo, LANGUAGE = es {"timestamp":"2024-08-19T01:02:37.610Z"}
info: conectado a mongo Atlas {"timestamp":"2024-08-19T01:02:38.387Z"}
info: Gracias por suscribirte a LiquidStore,  {"from":"liquidstoreproyect@gmail.com","to":["jp.sarobe@gmail.com"]} {"timestamp":"2024-08-19T01:02:44.275Z"}
info: Server ok en puerto 8080 in prod mode whit persistence in mongo, LANGUAGE = es {"timestamp":"2024-08-19T01:03:00.005Z"}
info: conectado a mongo Atlas {"timestamp":"2024-08-19T01:03:00.885Z"}
info: Server ok en puerto 8080 in prod mode whit persistence in mongo, LANGUAGE = es {"timestamp":"2024-08-19T01:03:52.705Z"}
info: conectado a mongo Atlas {"timestamp":"2024-08-19T01:03:53.465Z"}
info: Password restore,  {"from":"liquidstoreproyect@gmail.com","to":["jp.sarobe@gmail.com"]} {"timestamp":"2024-08-19T01:04:01.553Z"}
warning: {"status":403,"message":{"system":"Acceso denegado","custom":""},"error":"Token expires, get a new token"} {"timestamp":"2024-08-19T01:04:16.063Z"}
error: Cannot set headers after they are sent to the client {"timestamp":"2024-08-19T01:04:16.083Z"}
error: {"status":500,"message":{"system":"error Interno del servidor","custom":{"code":"ERR_HTTP_HEADERS_SENT"}},"error":"Cannot set headers after they are sent to the client"} {"timestamp":"2024-08-19T01:04:16.083Z"}
warning: {"status":403,"message":{"system":"Acceso denegado","custom":""},"error":"Token expires, get a new token"} {"timestamp":"2024-08-19T01:05:37.334Z"}
error: Cannot set headers after they are sent to the client {"timestamp":"2024-08-19T01:05:37.356Z"}
error: {"status":500,"message":{"system":"error Interno del servidor","custom":{"code":"ERR_HTTP_HEADERS_SENT"}},"error":"Cannot set headers after they are sent to the client"} {"timestamp":"2024-08-19T01:05:37.356Z"}
info: Server ok en puerto 8080 in prod mode whit persistence in mongo, LANGUAGE = es {"timestamp":"2024-08-19T01:05:59.716Z"}
info: conectado a mongo Atlas {"timestamp":"2024-08-19T01:06:00.615Z"}
warning: {"status":403,"message":{"system":"Acceso denegado","custom":""},"error":"Token expires, get a new token"} {"timestamp":"2024-08-19T01:06:04.068Z"}
info: Server ok en puerto 8080 in prod mode whit persistence in mongo, LANGUAGE = es {"timestamp":"2024-08-19T01:07:54.153Z"}
info: conectado a mongo Atlas {"timestamp":"2024-08-19T01:07:55.084Z"}
warning: {"status":403,"message":{"system":"Acceso denegado","custom":""},"error":"Token expires, get a new token"} {"timestamp":"2024-08-19T01:08:12.058Z"}
info: Password restore,  {"from":"liquidstoreproyect@gmail.com","to":["jp.sarobe@gmail.com"]} {"timestamp":"2024-08-19T01:08:21.417Z"}
warning: {"status":403,"message":{"system":"Acceso denegado","custom":""},"error":"Token expires, get a new token"} {"timestamp":"2024-08-19T01:09:22.835Z"}
info: Nuevo inicio de sesion registrado,  {"from":"liquidstoreproyect@gmail.com","to":["jp.sarobe@gmail.com"]} {"timestamp":"2024-08-19T01:15:56.514Z"}
info: Nuevo inicio de sesion registrado,  {"from":"liquidstoreproyect@gmail.com","to":["jp.sarobe@gmail.com"]} {"timestamp":"2024-08-19T01:17:07.432Z"}
info: Password restore,  {"from":"liquidstoreproyect@gmail.com","to":["jp.sarobe@gmail.com"]} {"timestamp":"2024-08-19T01:17:59.160Z"}
info: Server ok en puerto 8080 in prod mode whit persistence in mongo, LANGUAGE = es {"timestamp":"2024-08-19T01:22:02.360Z"}
info: conectado a mongo Atlas {"timestamp":"2024-08-19T01:22:03.255Z"}
info: Server ok en puerto 8080 in prod mode whit persistence in mongo, LANGUAGE = es {"timestamp":"2024-08-19T01:22:25.300Z"}
info: conectado a mongo Atlas {"timestamp":"2024-08-19T01:22:26.090Z"}
info: Server ok en puerto 8080 in prod mode whit persistence in mongo, LANGUAGE = es {"timestamp":"2024-08-19T01:27:32.794Z"}
info: conectado a mongo Atlas {"timestamp":"2024-08-19T01:27:33.824Z"}
info: Server ok en puerto 8080 in prod mode whit persistence in mongo, LANGUAGE = es {"timestamp":"2024-08-19T01:28:27.250Z"}
info: conectado a mongo Atlas {"timestamp":"2024-08-19T01:28:28.145Z"}
info: Server ok en puerto 8080 in prod mode whit persistence in mongo, LANGUAGE = es {"timestamp":"2024-08-19T01:28:39.595Z"}
info: conectado a mongo Atlas {"timestamp":"2024-08-19T01:28:40.363Z"}
info: Server ok en puerto 8080 in prod mode whit persistence in mongo, LANGUAGE = es {"timestamp":"2024-08-19T01:29:03.602Z"}
info: conectado a mongo Atlas {"timestamp":"2024-08-19T01:29:04.398Z"}
info: Server ok en puerto 8080 in prod mode whit persistence in mongo, LANGUAGE = es {"timestamp":"2024-08-19T01:29:12.788Z"}
info: conectado a mongo Atlas {"timestamp":"2024-08-19T01:29:13.569Z"}
info: Server ok en puerto 8080 in prod mode whit persistence in mongo, LANGUAGE = es {"timestamp":"2024-08-19T01:34:10.272Z"}
info: conectado a mongo Atlas {"timestamp":"2024-08-19T01:34:11.223Z"}
info: Server ok en puerto 8080 in prod mode whit persistence in mongo, LANGUAGE = es {"timestamp":"2024-08-19T01:34:29.067Z"}
info: conectado a mongo Atlas {"timestamp":"2024-08-19T01:34:29.838Z"}
info: Server ok en puerto 8080 in prod mode whit persistence in mongo, LANGUAGE = es {"timestamp":"2024-08-19T01:37:27.464Z"}
info: conectado a mongo Atlas {"timestamp":"2024-08-19T01:37:28.535Z"}
info: Server ok en puerto 8080 in prod mode whit persistence in mongo, LANGUAGE = es {"timestamp":"2024-08-19T01:37:48.806Z"}
info: conectado a mongo Atlas {"timestamp":"2024-08-19T01:37:49.597Z"}
info: Server ok en puerto 8080 in prod mode whit persistence in mongo, LANGUAGE = es {"timestamp":"2024-08-19T01:38:39.670Z"}
info: conectado a mongo Atlas {"timestamp":"2024-08-19T01:38:40.423Z"}
info: Server ok en puerto 8080 in prod mode whit persistence in mongo, LANGUAGE = es {"timestamp":"2024-08-19T01:39:44.720Z"}
info: conectado a mongo Atlas {"timestamp":"2024-08-19T01:39:45.463Z"}
info: Server ok en puerto 8080 in prod mode whit persistence in mongo, LANGUAGE = es {"timestamp":"2024-08-19T01:40:47.402Z"}
info: conectado a mongo Atlas {"timestamp":"2024-08-19T01:40:48.253Z"}
info: Server ok en puerto 8080 in prod mode whit persistence in mongo, LANGUAGE = es {"timestamp":"2024-08-19T01:40:51.158Z"}
info: conectado a mongo Atlas {"timestamp":"2024-08-19T01:40:51.945Z"}
info: Nuevo inicio de sesion registrado,  {"from":"liquidstoreproyect@gmail.com","to":["jp.sarobe@gmail.com"]} {"timestamp":"2024-08-19T01:41:01.506Z"}
info: Password restore,  {"from":"liquidstoreproyect@gmail.com","to":["jp.sarobe@gmail.com"]} {"timestamp":"2024-08-19T01:42:11.699Z"}
info: Password restore,  {"from":"liquidstoreproyect@gmail.com","to":["jp.sarobe@gmail.com"]} {"timestamp":"2024-08-19T01:43:46.880Z"}
error: data and hash arguments required {"timestamp":"2024-08-19T01:43:53.005Z"}
error: {"status":500,"message":{"system":"error Interno del servidor","custom":{}},"error":"data and hash arguments required"} {"timestamp":"2024-08-19T01:43:53.005Z"}
info: Server ok en puerto 8080 in prod mode whit persistence in mongo, LANGUAGE = es {"timestamp":"2024-08-19T01:45:46.575Z"}
info: conectado a mongo Atlas {"timestamp":"2024-08-19T01:45:47.498Z"}
info: Password restore,  {"from":"liquidstoreproyect@gmail.com","to":["jp.sarobe@gmail.com"]} {"timestamp":"2024-08-19T01:45:52.894Z"}
error: data and hash arguments required {"timestamp":"2024-08-19T01:45:55.815Z"}
error: {"status":500,"message":{"system":"error Interno del servidor","custom":{}},"error":"data and hash arguments required"} {"timestamp":"2024-08-19T01:45:55.816Z"}
info: Server ok en puerto 8080 in prod mode whit persistence in mongo, LANGUAGE = es {"timestamp":"2024-08-19T01:47:21.058Z"}
info: conectado a mongo Atlas {"timestamp":"2024-08-19T01:47:21.999Z"}
warning: {"status":403,"message":{"system":"Acceso denegado","custom":""},"error":"Token expires, get a new token"} {"timestamp":"2024-08-19T01:47:24.863Z"}
info: Password restore,  {"from":"liquidstoreproyect@gmail.com","to":["jp.sarobe@gmail.com"]} {"timestamp":"2024-08-19T01:47:32.389Z"}
error: data and hash arguments required {"timestamp":"2024-08-19T01:47:32.870Z"}
error: {"status":500,"message":{"system":"error Interno del servidor","custom":{}},"error":"data and hash arguments required"} {"timestamp":"2024-08-19T01:47:32.870Z"}
info: Server ok en puerto 8080 in prod mode whit persistence in mongo, LANGUAGE = es {"timestamp":"2024-08-19T01:48:15.016Z"}
info: conectado a mongo Atlas {"timestamp":"2024-08-19T01:48:15.788Z"}
error: Cannot destructure property 'password' of '(intermediate value)' as it is undefined. {"timestamp":"2024-08-19T01:48:19.321Z"}
error: {"status":500,"message":{"system":"error Interno del servidor","custom":{}},"error":"Cannot destructure property 'password' of '(intermediate value)' as it is undefined."} {"timestamp":"2024-08-19T01:48:19.321Z"}
info: Server ok en puerto 8080 in prod mode whit persistence in mongo, LANGUAGE = es {"timestamp":"2024-08-19T01:48:54.589Z"}
info: conectado a mongo Atlas {"timestamp":"2024-08-19T01:48:55.535Z"}
error: Cannot read properties of undefined (reading 'email') {"timestamp":"2024-08-19T01:49:00.198Z"}
error: {"status":500,"message":{"system":"error Interno del servidor","custom":{}},"error":"Cannot read properties of undefined (reading 'email')"} {"timestamp":"2024-08-19T01:49:00.199Z"}
info: Nuevo inicio de sesion registrado,  {"from":"liquidstoreproyect@gmail.com","to":["jp.sarobe@gmail.com"]} {"timestamp":"2024-08-19T01:49:11.497Z"}
info: Password restore,  {"from":"liquidstoreproyect@gmail.com","to":["jp.sarobe@gmail.com"]} {"timestamp":"2024-08-19T01:49:15.879Z"}
error: data must be a string or Buffer and hash must be a string {"timestamp":"2024-08-19T01:49:21.286Z"}
error: {"status":500,"message":{"system":"error Interno del servidor","custom":{}},"error":"data must be a string or Buffer and hash must be a string"} {"timestamp":"2024-08-19T01:49:21.286Z"}
info: Server ok en puerto 8080 in prod mode whit persistence in mongo, LANGUAGE = es {"timestamp":"2024-08-19T01:49:53.653Z"}
info: conectado a mongo Atlas {"timestamp":"2024-08-19T01:49:54.423Z"}
error: data must be a string or Buffer and hash must be a string {"timestamp":"2024-08-19T01:49:57.914Z"}
error: {"status":500,"message":{"system":"error Interno del servidor","custom":{}},"error":"data must be a string or Buffer and hash must be a string"} {"timestamp":"2024-08-19T01:49:57.914Z"}
info: Server ok en puerto 8080 in prod mode whit persistence in mongo, LANGUAGE = es {"timestamp":"2024-08-19T01:52:14.837Z"}
info: conectado a mongo Atlas {"timestamp":"2024-08-19T01:52:15.709Z"}
info: Password restore,  {"from":"liquidstoreproyect@gmail.com","to":["jp.sarobe@gmail.com"]} {"timestamp":"2024-08-19T01:52:22.726Z"}
error: data must be a string or Buffer and hash must be a string {"timestamp":"2024-08-19T01:52:23.686Z"}
error: {"status":500,"message":{"system":"error Interno del servidor","custom":{}},"error":"data must be a string or Buffer and hash must be a string"} {"timestamp":"2024-08-19T01:52:23.687Z"}
info: Server ok en puerto 8080 in prod mode whit persistence in mongo, LANGUAGE = es {"timestamp":"2024-08-19T01:55:52.488Z"}
info: conectado a mongo Atlas {"timestamp":"2024-08-19T01:55:53.325Z"}
info: Server ok en puerto 8080 in prod mode whit persistence in mongo, LANGUAGE = es {"timestamp":"2024-08-19T01:58:57.278Z"}
info: conectado a mongo Atlas {"timestamp":"2024-08-19T01:58:58.165Z"}
info: Nuevo inicio de sesion registrado,  {"from":"liquidstoreproyect@gmail.com","to":["jp.sarobe@gmail.com"]} {"timestamp":"2024-08-19T01:59:10.242Z"}
info: Password restore,  {"from":"liquidstoreproyect@gmail.com","to":["jp.sarobe@gmail.com"]} {"timestamp":"2024-08-19T01:59:17.433Z"}
error: userDao is not a function {"timestamp":"2024-08-19T01:59:21.641Z"}
error: {"status":500,"message":{"system":"error Interno del servidor","custom":{}},"error":"userDao is not a function"} {"timestamp":"2024-08-19T01:59:21.642Z"}
info: Server ok en puerto 8080 in prod mode whit persistence in mongo, LANGUAGE = es {"timestamp":"2024-08-19T02:00:23.394Z"}
info: conectado a mongo Atlas {"timestamp":"2024-08-19T02:00:24.459Z"}
warning: {"status":403,"message":{"system":"Acceso denegado","custom":""},"error":"Token expires, get a new token"} {"timestamp":"2024-08-19T02:00:31.249Z"}
info: Password restore,  {"from":"liquidstoreproyect@gmail.com","to":["jp.sarobe@gmail.com"]} {"timestamp":"2024-08-19T02:00:37.532Z"}
error: userDao.getById is not a function {"timestamp":"2024-08-19T02:00:37.767Z"}
error: {"status":500,"message":{"system":"error Interno del servidor","custom":{}},"error":"userDao.getById is not a function"} {"timestamp":"2024-08-19T02:00:37.768Z"}
info: Server ok en puerto 8080 in prod mode whit persistence in mongo, LANGUAGE = es {"timestamp":"2024-08-19T02:01:33.347Z"}
info: conectado a mongo Atlas {"timestamp":"2024-08-19T02:01:34.142Z"}
info: Server ok en puerto 8080 in prod mode whit persistence in mongo, LANGUAGE = es {"timestamp":"2024-08-19T02:02:42.074Z"}
info: conectado a mongo Atlas {"timestamp":"2024-08-19T02:02:42.844Z"}
info: Nuevo inicio de sesion registrado,  {"from":"liquidstoreproyect@gmail.com","to":["jp.sarobe@gmail.com"]} {"timestamp":"2024-08-19T02:02:50.878Z"}
info: Password restore,  {"from":"liquidstoreproyect@gmail.com","to":["jp.sarobe@gmail.com"]} {"timestamp":"2024-08-19T02:02:51.800Z"}
error: data must be a string or Buffer and hash must be a string {"timestamp":"2024-08-19T02:02:55.353Z"}
error: {"status":500,"message":{"system":"error Interno del servidor","custom":{}},"error":"data must be a string or Buffer and hash must be a string"} {"timestamp":"2024-08-19T02:02:55.354Z"}
info: Server ok en puerto 8080 in prod mode whit persistence in mongo, LANGUAGE = es {"timestamp":"2024-08-19T02:03:53.089Z"}
info: conectado a mongo Atlas {"timestamp":"2024-08-19T02:03:54.083Z"}
info: Password restore,  {"from":"liquidstoreproyect@gmail.com","to":["jp.sarobe@gmail.com"]} {"timestamp":"2024-08-19T02:03:57.635Z"}
info: {"status":401,"message":{"system":"No autorizado","custom":""},"error":"you can not repeat a password"} {"timestamp":"2024-08-19T02:03:58.955Z"}
info: Nuevo inicio de sesion registrado,  {"from":"liquidstoreproyect@gmail.com","to":["jp.sarobe@gmail.com"]} {"timestamp":"2024-08-19T02:04:30.486Z"}
info: Server ok en puerto 8080 in prod mode whit persistence in mongo, LANGUAGE = es {"timestamp":"2024-08-19T02:05:19.014Z"}
info: conectado a mongo Atlas {"timestamp":"2024-08-19T02:05:19.981Z"}
info: Server ok en puerto 8080 in prod mode whit persistence in mongo, LANGUAGE = es {"timestamp":"2024-08-19T02:06:01.905Z"}
info: conectado a mongo Atlas {"timestamp":"2024-08-19T02:06:02.666Z"}
info: Nuevo inicio de sesion registrado,  {"from":"liquidstoreproyect@gmail.com","to":["jp.sarobe@gmail.com"]} {"timestamp":"2024-08-19T02:06:10.827Z"}
info: Password restore,  {"from":"liquidstoreproyect@gmail.com","to":["jp.sarobe@gmail.com"]} {"timestamp":"2024-08-19T02:06:16.614Z"}
info: Nuevo inicio de sesion registrado,  {"from":"liquidstoreproyect@gmail.com","to":["jp.sarobe@gmail.com"]} {"timestamp":"2024-08-19T02:06:55.557Z"}
info: Password restore,  {"from":"liquidstoreproyect@gmail.com","to":["jp.sarobe@gmail.com"]} {"timestamp":"2024-08-19T02:07:00.989Z"}
info: Server ok en puerto 8080 in prod mode whit persistence in mongo, LANGUAGE = es {"timestamp":"2024-08-19T02:12:01.954Z"}
info: conectado a mongo Atlas {"timestamp":"2024-08-19T02:12:02.820Z"}
info: Server ok en puerto 8080 in prod mode whit persistence in mongo, LANGUAGE = es {"timestamp":"2024-08-19T02:12:08.241Z"}
info: conectado a mongo Atlas {"timestamp":"2024-08-19T02:12:09.015Z"}
info: Server ok en puerto 8080 in prod mode whit persistence in mongo, LANGUAGE = es {"timestamp":"2024-08-19T02:12:34.434Z"}
info: conectado a mongo Atlas {"timestamp":"2024-08-19T02:12:35.207Z"}
info: Nuevo inicio de sesion registrado,  {"from":"liquidstoreproyect@gmail.com","to":["jp.sarobe@gmail.com"]} {"timestamp":"2024-08-19T02:13:13.201Z"}
info: Password restore,  {"from":"liquidstoreproyect@gmail.com","to":["jp.sarobe@gmail.com"]} {"timestamp":"2024-08-19T02:13:22.155Z"}
info: tu password ha sido actualizado correctamente,  {"from":"liquidstoreproyect@gmail.com","to":["jp.sarobe@gmail.com"]} {"timestamp":"2024-08-19T02:13:39.819Z"}
info: Server ok en puerto 8080 in prod mode whit persistence in mongo, LANGUAGE = es {"timestamp":"2024-08-19T02:14:17.915Z"}
info: conectado a mongo Atlas {"timestamp":"2024-08-19T02:14:18.829Z"}
info: Server ok en puerto 8080 in prod mode whit persistence in mongo, LANGUAGE = es {"timestamp":"2024-08-19T02:15:03.531Z"}
info: conectado a mongo Atlas {"timestamp":"2024-08-19T02:15:04.361Z"}
info: Server ok en puerto 8080 in prod mode whit persistence in mongo, LANGUAGE = es {"timestamp":"2024-08-19T02:16:15.581Z"}
info: conectado a mongo Atlas {"timestamp":"2024-08-19T02:16:16.392Z"}
info: Nuevo inicio de sesion registrado,  {"from":"liquidstoreproyect@gmail.com","to":["jp.sarobe@gmail.com"]} {"timestamp":"2024-08-19T02:16:52.914Z"}
info: Password restore,  {"from":"liquidstoreproyect@gmail.com","to":["jp.sarobe@gmail.com"]} {"timestamp":"2024-08-19T02:16:56.152Z"}
info: tu password ha sido actualizado correctamente,  {"from":"liquidstoreproyect@gmail.com","to":["jp.sarobe@gmail.com"]} {"timestamp":"2024-08-19T02:17:09.335Z"}
warning: {"status":403,"message":{"system":"Acceso denegado","custom":""},"error":"Token expires, get a new token"} {"timestamp":"2024-08-19T02:17:23.622Z"}
warning: {"status":403,"message":{"system":"Acceso denegado","custom":""},"error":"Token expires, get a new token"} {"timestamp":"2024-08-19T02:17:31.813Z"}
info: Nuevo inicio de sesion registrado,  {"from":"liquidstoreproyect@gmail.com","to":["jp.sarobe@gmail.com"]} {"timestamp":"2024-08-19T02:18:06.650Z"}
info: Server ok en puerto 8080 in prod mode whit persistence in mongo, LANGUAGE = es {"timestamp":"2024-08-19T02:18:42.348Z"}
info: conectado a mongo Atlas {"timestamp":"2024-08-19T02:18:43.309Z"}
error: Cannot read properties of undefined (reading 'email') {"timestamp":"2024-08-19T02:18:55.518Z"}
error: {"status":500,"message":{"system":"error Interno del servidor","custom":{}},"error":"Cannot read properties of undefined (reading 'email')"} {"timestamp":"2024-08-19T02:18:55.518Z"}
info: Server ok en puerto 8080 in prod mode whit persistence in mongo, LANGUAGE = es {"timestamp":"2024-08-19T02:19:26.277Z"}
info: conectado a mongo Atlas {"timestamp":"2024-08-19T02:19:27.047Z"}
info: Server ok en puerto 8080 in prod mode whit persistence in mongo, LANGUAGE = es {"timestamp":"2024-08-19T02:19:50.179Z"}
info: conectado a mongo Atlas {"timestamp":"2024-08-19T02:19:50.982Z"}
info: Server ok en puerto 8080 in prod mode whit persistence in mongo, LANGUAGE = es {"timestamp":"2024-08-19T02:20:31.042Z"}
info: conectado a mongo Atlas {"timestamp":"2024-08-19T02:20:31.817Z"}
warning: attempted access without registration {"timestamp":"2024-08-19T02:20:39.199Z"}
warning: {"status":403,"message":{"system":"Acceso denegado","custom":"Please login first"},"error":""} {"timestamp":"2024-08-19T02:20:39.200Z"}
info: Nuevo inicio de sesion registrado,  {"from":"liquidstoreproyect@gmail.com","to":["jp.sarobe@gmail.com"]} {"timestamp":"2024-08-19T02:20:48.457Z"}
warning: {"status":403,"message":{"system":"Acceso denegado","custom":""},"error":"Token expires, get a new token"} {"timestamp":"2024-08-19T02:20:51.387Z"}
info: Password restore,  {"from":"liquidstoreproyect@gmail.com","to":["jp.sarobe@gmail.com"]} {"timestamp":"2024-08-19T02:20:58.417Z"}
info: {"status":401,"message":{"system":"No autorizado","custom":""},"error":"you can not repeat a password"} {"timestamp":"2024-08-19T02:21:00.838Z"}
info: tu password ha sido actualizado correctamente,  {"from":"liquidstoreproyect@gmail.com","to":["jp.sarobe@gmail.com"]} {"timestamp":"2024-08-19T02:21:14.954Z"}
warning: {"status":403,"message":{"system":"Acceso denegado","custom":""},"error":"Token expires, get a new token"} {"timestamp":"2024-08-19T02:21:18.167Z"}
info: Server ok en puerto 8080 in prod mode whit persistence in mongo, LANGUAGE = es {"timestamp":"2024-08-19T02:21:28.787Z"}
info: conectado a mongo Atlas {"timestamp":"2024-08-19T02:21:29.839Z"}
info: Password restore,  {"from":"liquidstoreproyect@gmail.com","to":["jp.sarobe@gmail.com"]} {"timestamp":"2024-08-19T02:21:40.681Z"}
info: tu password ha sido actualizado correctamente,  {"from":"liquidstoreproyect@gmail.com","to":["jp.sarobe@gmail.com"]} {"timestamp":"2024-08-19T02:21:48.169Z"}
info: Nuevo inicio de sesion registrado,  {"from":"liquidstoreproyect@gmail.com","to":["jp.sarobe@gmail.com"]} {"timestamp":"2024-08-19T02:21:58.627Z"}
